#
# A fatal error has been detected by the Java Runtime Environment:
#
#  EXCEPTION_ACCESS_VIOLATION (0xc0000005) at pc=0x00007ffb01a2fc1e, pid=21120, tid=5768
#
# JRE version: OpenJDK Runtime Environment (11.0.12+7) (build 11.0.12+7-b1504.28-7817840)
# Java VM: OpenJDK 64-Bit Server VM (11.0.12+7-b1504.28-7817840, mixed mode, tiered, compressed oops, g1 gc, windows-amd64)
# Problematic frame:
# V  [jvm.dll+0x19fc1e]
#
# No core dump will be written. Minidumps are not enabled by default on client versions of Windows
#
# If you would like to submit a bug report, please visit:
#   https://bugreport.java.com/bugreport/crash.jsp
#

---------------  S U M M A R Y ------------

Command Line: --add-opens=java.base/java.util=ALL-UNNAMED --add-opens=java.base/java.lang=ALL-UNNAMED --add-opens=java.base/java.lang.invoke=ALL-UNNAMED --add-opens=java.base/java.util=ALL-UNNAMED --add-opens=java.prefs/java.util.prefs=ALL-UNNAMED --add-opens=java.prefs/java.util.prefs=ALL-UNNAMED --add-opens=java.base/java.nio.charset=ALL-UNNAMED --add-opens=java.base/java.net=ALL-UNNAMED --add-opens=java.base/java.util.concurrent.atomic=ALL-UNNAMED -Xmx2048m -Dfile.encoding=UTF-8 -Duser.country=US -Duser.language=en -Duser.variant org.gradle.launcher.daemon.bootstrap.GradleDaemon 7.3.3

Host: Intel(R) Core(TM) i5-4670K CPU @ 3.40GHz, 4 cores, 15G,  Windows 10 , 64 bit Build 22621 (10.0.22621.755)
Time: Thu Dec 15 21:46:25 2022 SE Asia Standard Time elapsed time: 2182.292611 seconds (0d 0h 36m 22s)

---------------  T H R E A D  ---------------

Current thread (0x0000014930124000):  JavaThread "C2 CompilerThread0" daemon [_thread_in_native, id=5768, stack(0x0000001677700000,0x0000001677800000)]


Current CompileTask:
C2:2182292 29231       4       com.android.ide.common.symbols.SymbolTable::filter (187 bytes)

Stack: [0x0000001677700000,0x0000001677800000],  sp=0x00000016777fc0d0,  free space=1008k
Native frames: (J=compiled Java code, j=interpreted, Vv=VM code, C=native code)
V  [jvm.dll+0x19fc1e]
V  [jvm.dll+0x19cec6]
V  [jvm.dll+0x20070e]
V  [jvm.dll+0x1ff794]
V  [jvm.dll+0x18868c]
V  [jvm.dll+0x20e0d7]
V  [jvm.dll+0x20c901]
V  [jvm.dll+0x6f9b7f]
V  [jvm.dll+0x6f26a5]
V  [jvm.dll+0x5fabf6]
C  [ucrtbase.dll+0x29363]
C  [KERNEL32.DLL+0x1244d]
C  [ntdll.dll+0x5dfb8]


siginfo: EXCEPTION_ACCESS_VIOLATION (0xc0000005), reading address 0x0000030000014999


Register to memory mapping:

RIP=0x00007ffb01a2fc1e jvm.dll
RAX=0x0000030000014931 is an unknown value
RBX=0x000001493d26d530 points into unknown readable memory: 0x0000000000000000 | 00 00 00 00 00 00 00 00
RCX=0x000001493d04c6d3 points into unknown readable memory: 31 49 01 00 00
RDX=0x0 is NULL
RSP=0x00000016777fc0d0 is pointing into the stack for thread: 0x0000014930124000
RBP=0x0000014939e703f8 points into unknown readable memory: 0x000300030ffffcff | ff fc ff 0f 03 00 03 00
RSI=0x00000016777fc5d0 is pointing into the stack for thread: 0x0000014930124000
RDI=0x000001493d26d568 points into unknown readable memory: 0x0000000000000000 | 00 00 00 00 00 00 00 00
R8 =0x0000000000000010 is an unknown value
R9 =0xffffffffffffffff is an unknown value
R10=0x0000014939e70450 points into unknown readable memory: 0x0000000000400000 | 00 00 40 00 00 00 00 00
R11=0x00000000000000aa is an unknown value
R12=0x0000000000000001 is an unknown value
R13=0x0000000000000008 is an unknown value
R14=0x00000149371f4048 points into unknown readable memory: 0x00007ffb0209d9f8 | f8 d9 09 02 fb 7f 00 00
R15=0x00000149328a6118 points into unknown readable memory: 0x00007ffb02089818 | 18 98 08 02 fb 7f 00 00


Registers:
RAX=0x0000030000014931, RBX=0x000001493d26d530, RCX=0x000001493d04c6d3, RDX=0x0000000000000000
RSP=0x00000016777fc0d0, RBP=0x0000014939e703f8, RSI=0x00000016777fc5d0, RDI=0x000001493d26d568
R8 =0x0000000000000010, R9 =0xffffffffffffffff, R10=0x0000014939e70450, R11=0x00000000000000aa
R12=0x0000000000000001, R13=0x0000000000000008, R14=0x00000149371f4048, R15=0x00000149328a6118
RIP=0x00007ffb01a2fc1e, EFLAGS=0x0000000000010246

Top of Stack: (sp=0x00000016777fc0d0)
0x00000016777fc0d0:   000001493d2b9930 000001493d2b9968
0x00000016777fc0e0:   00000149340c91a8 ffffffffffffffff
0x00000016777fc0f0:   0000032800000005 0000001600000002
0x00000016777fc100:   00000149328a6118 0000000000000000
0x00000016777fc110:   0000000000000000 0000000000000000
0x00000016777fc120:   00000016777fc230 0000014931804e20
0x00000016777fc130:   0000014931804e30 0000000000000008
0x00000016777fc140:   00000000000003d8 00000016777fc270
0x00000016777fc150:   0000000000000000 00000016777fc6b8
0x00000016777fc160:   00000016777fc5d0 00007ffb01a2cec6
0x00000016777fc170:   00000016777fc5d0 00000016777fc201
0x00000016777fc180:   00000016777fc601 00000149ffffffff
0x00000016777fc190:   00000016777fc200 0000000000000000
0x00000016777fc1a0:   00007ffb00000006 0000014931804e20
0x00000016777fc1b0:   000001493d260780 000001493d2fb150
0x00000016777fc1c0:   000001493d2fb150 0000000000135758 

Instructions: (pc=0x00007ffb01a2fc1e)
0x00007ffb01a2fb1e:   00 00 48 8b 46 70 48 8d 1c bf 48 c1 e3 05 41 8b
0x00007ffb01a2fb2e:   d4 49 8b ce 48 03 58 20 49 8b 06 ff 90 80 00 00
0x00007ffb01a2fb3e:   00 0f b6 94 24 a8 00 00 00 48 8b e8 84 d2 75 30
0x00007ffb01a2fb4e:   49 8b 4e 08 f2 41 0f 10 4f 08 f2 0f 59 ce 4a 8b
0x00007ffb01a2fb5e:   14 29 48 8b 4e 48 8b 7a 28 48 8b 51 78 48 8b 0c
0x00007ffb01a2fb6e:   fa f2 0f 10 41 08 66 0f 2f c1 0f 87 91 00 00 00
0x00007ffb01a2fb7e:   48 8d 53 38 45 33 c0 48 83 c0 54 48 8d 4a 54 48
0x00007ffb01a2fb8e:   3b d0 77 05 48 3b cd 73 4b bf 02 00 00 00 48 8d
0x00007ffb01a2fb9e:   42 10 48 8b cd 48 2b ca 44 8d 47 0e 66 0f 1f 44
0x00007ffb01a2fbae:   00 00 f3 0f 6f 40 f0 f3 0f 6f 4c 01 f0 48 8d 40
0x00007ffb01a2fbbe:   20 66 0f db c8 f3 0f 7f 48 d0 f3 0f 6f 54 01 e0
0x00007ffb01a2fbce:   f3 0f 6f 40 e0 66 0f db d0 f3 0f 7f 50 e0 48 83
0x00007ffb01a2fbde:   ef 01 75 ce 4a 8d 0c 82 48 8b fd 48 2b fa ba 16
0x00007ffb01a2fbee:   00 00 00 49 2b d0 0f 1f 40 00 0f 1f 84 00 00 00
0x00007ffb01a2fbfe:   00 00 8b 04 39 21 01 48 8d 49 04 48 83 ea 01 75
0x00007ffb01a2fc0e:   f1 49 8b 46 08 48 8d 7b 38 4a 8b 0c 28 48 8b 01
0x00007ffb01a2fc1e:   ff 50 68 8b c8 8b f0 e8 46 2b 4b 00 8b ce 44 0f
0x00007ffb01a2fc2e:   b6 f8 e8 3b 2b 4b 00 84 c0 74 17 8b ce e8 40 2b
0x00007ffb01a2fc3e:   4b 00 8b d0 48 8b cf e8 66 2a 4b 00 85 c0 75 1a
0x00007ffb01a2fc4e:   eb 1f 48 8b cf e8 b8 29 4b 00 85 c0 75 0c 48 8b
0x00007ffb01a2fc5e:   cf e8 ec 29 4b 00 85 c0 74 07 83 8b 98 00 00 00
0x00007ffb01a2fc6e:   20 45 84 ff 0f 85 84 00 00 00 66 83 bb 94 00 00
0x00007ffb01a2fc7e:   00 02 75 2f f7 83 98 00 00 00 00 01 00 00 75 23
0x00007ffb01a2fc8e:   48 8b cd e8 fa 25 4b 00 83 f8 02 75 16 48 8b cd
0x00007ffb01a2fc9e:   e8 2d 29 4b 00 84 c0 75 0a 81 8b 98 00 00 00 20
0x00007ffb01a2fcae:   01 00 00 41 8b 46 2c 83 e0 1f 3c 12 74 40 48 8b
0x00007ffb01a2fcbe:   4b 18 48 8d 41 ff 48 83 f8 fd 77 0a 8b 41 2c 83
0x00007ffb01a2fcce:   e0 1f 3c 12 74 28 48 8b cf e8 b4 25 4b 00 83 f8
0x00007ffb01a2fcde:   02 75 1b 48 8b cf e8 e7 28 4b 00 84 c0 75 0f 33
0x00007ffb01a2fcee:   c0 b9 16 00 00 00 f3 ab 89 83 90 00 00 00 4c 8b
0x00007ffb01a2fcfe:   7c 24 30 48 8b b4 24 a0 00 00 00 f2 41 0f 10 47
0x00007ffb01a2fd0e:   08 66 0f 2f 43 10 76 05 f2 0f 11 43 10 0f b6 9c 


Stack slot to memory mapping:
stack at sp + 0 slots: 0x000001493d2b9930 points into unknown readable memory: 0x0000000000000000 | 00 00 00 00 00 00 00 00
stack at sp + 1 slots: 0x000001493d2b9968 points into unknown readable memory: 0x000300030ffffcff | ff fc ff 0f 03 00 03 00
stack at sp + 2 slots: 0x00000149340c91a8 points into unknown readable memory: 0x0000000000010000 | 00 00 01 00 00 00 00 00
stack at sp + 3 slots: 0xffffffffffffffff is an unknown value
stack at sp + 4 slots: 0x0000032800000005 is an unknown value
stack at sp + 5 slots: 0x0000001600000002 is an unknown value
stack at sp + 6 slots: 0x00000149328a6118 points into unknown readable memory: 0x00007ffb02089818 | 18 98 08 02 fb 7f 00 00
stack at sp + 7 slots: 0x0 is NULL


---------------  P R O C E S S  ---------------

Threads class SMR info:
_java_thread_list=0x0000014932d50710, length=98, elements={
0x0000014913ce6000, 0x00000149300ad800, 0x00000149300af000, 0x000001493011c800,
0x000001493011f800, 0x0000014930121000, 0x0000014930124000, 0x000001493012a800,
0x000001493012f000, 0x0000014930287800, 0x0000014932140000, 0x0000014932572800,
0x000001493188f000, 0x00000149324c8000, 0x00000149324ca800, 0x00000149324cb800,
0x00000149324cc800, 0x00000149324c9000, 0x000001493526e800, 0x0000014935270800,
0x0000014935271000, 0x0000014935274800, 0x0000014935277000, 0x00000149336ef800,
0x00000149336ea800, 0x000001493aedd000, 0x000001493aee0000, 0x000001493aee3800,
0x000001493aedd800, 0x000001493aee1800, 0x000001493526e000, 0x0000014935c12000,
0x0000014935c0e000, 0x0000014935c0c800, 0x0000014935c0f000, 0x0000014935c10800,
0x0000014935c11800, 0x0000014935c14800, 0x0000014935c13000, 0x0000014935c14000,
0x0000014935c15800, 0x0000014935c0f800, 0x0000014935c17000, 0x0000014935c16800,
0x0000014935c18000, 0x0000014935c19800, 0x0000014935c1a800, 0x0000014935c1b000,
0x00000149336e9000, 0x00000149336e5000, 0x00000149336e6000, 0x00000149336e8800,
0x00000149336e6800, 0x00000149336e3800, 0x00000149336e7800, 0x00000149336ea000,
0x00000149336e4000, 0x00000149336f0800, 0x00000149336f1800, 0x00000149336eb800,
0x00000149336ed000, 0x00000149336ee000, 0x00000149336ef000, 0x00000149336f2000,
0x000001493aee2800, 0x000001493aee1000, 0x000001493aee4000, 0x000001493aede800,
0x000001493aee7800, 0x000001493aeea800, 0x000001493aee9000, 0x000001493aee5000,
0x000001493aee6000, 0x000001493aeea000, 0x000001493aeeb800, 0x000001493aee6800,
0x000001493aee8800, 0x0000014935272000, 0x0000014935277800, 0x0000014935273800,
0x0000014935278800, 0x0000014935275000, 0x0000014935276000, 0x0000014935273000,
0x0000014935279800, 0x000001493527a000, 0x000001493527b000, 0x000001493149e800,
0x000001493149c800, 0x00000149314a1000, 0x00000149314a3000, 0x00000149314a2000,
0x000001493149f800, 0x00000149314a0800, 0x000001493149d000, 0x00000149324c6800,
0x00000149324ca000, 0x00000149324cd000
}

Java Threads: ( => current thread )
  0x0000014913ce6000 JavaThread "main" [_thread_blocked, id=19472, stack(0x0000001676b00000,0x0000001676c00000)]
  0x00000149300ad800 JavaThread "Reference Handler" daemon [_thread_blocked, id=5852, stack(0x0000001677200000,0x0000001677300000)]
  0x00000149300af000 JavaThread "Finalizer" daemon [_thread_blocked, id=984, stack(0x0000001677300000,0x0000001677400000)]
  0x000001493011c800 JavaThread "Signal Dispatcher" daemon [_thread_blocked, id=15328, stack(0x0000001677400000,0x0000001677500000)]
  0x000001493011f800 JavaThread "Attach Listener" daemon [_thread_blocked, id=15324, stack(0x0000001677500000,0x0000001677600000)]
  0x0000014930121000 JavaThread "Service Thread" daemon [_thread_blocked, id=6132, stack(0x0000001677600000,0x0000001677700000)]
=>0x0000014930124000 JavaThread "C2 CompilerThread0" daemon [_thread_in_native, id=5768, stack(0x0000001677700000,0x0000001677800000)]
  0x000001493012a800 JavaThread "C1 CompilerThread0" daemon [_thread_blocked, id=9064, stack(0x0000001677800000,0x0000001677900000)]
  0x000001493012f000 JavaThread "Sweeper thread" daemon [_thread_blocked, id=1156, stack(0x0000001677900000,0x0000001677a00000)]
  0x0000014930287800 JavaThread "Common-Cleaner" daemon [_thread_blocked, id=21388, stack(0x0000001677a00000,0x0000001677b00000)]
  0x0000014932140000 JavaThread "Daemon health stats" [_thread_blocked, id=21276, stack(0x0000001678000000,0x0000001678100000)]
  0x0000014932572800 JavaThread "Incoming local TCP Connector on port 60738" [_thread_in_native, id=15148, stack(0x0000001678100000,0x0000001678200000)]
  0x000001493188f000 JavaThread "Daemon periodic checks" [_thread_blocked, id=21284, stack(0x0000001678200000,0x0000001678300000)]
  0x00000149324c8000 JavaThread "Cache worker for journal cache (C:\Users\vicky\.gradle\caches\journal-1)" [_thread_blocked, id=14516, stack(0x0000001678a00000,0x0000001678b00000)]
  0x00000149324ca800 JavaThread "File lock request listener" [_thread_in_native, id=21232, stack(0x0000001678b00000,0x0000001678c00000)]
  0x00000149324cb800 JavaThread "Cache worker for file hash cache (C:\Users\vicky\.gradle\caches\7.3.3\fileHashes)" [_thread_blocked, id=14704, stack(0x0000001678c00000,0x0000001678d00000)]
  0x00000149324cc800 JavaThread "File watcher server" daemon [_thread_in_native, id=2276, stack(0x0000001678e00000,0x0000001678f00000)]
  0x00000149324c9000 JavaThread "File watcher consumer" daemon [_thread_blocked, id=15208, stack(0x0000001678f00000,0x0000001679000000)]
  0x000001493526e800 JavaThread "Cache worker for execution history cache (C:\Users\vicky\.gradle\caches\7.3.3\executionHistory)" [_thread_blocked, id=3460, stack(0x0000001679300000,0x0000001679400000)]
  0x0000014935270800 JavaThread "jar transforms" [_thread_blocked, id=14000, stack(0x0000001679400000,0x0000001679500000)]
  0x0000014935271000 JavaThread "Cache worker for file content cache (C:\Users\vicky\.gradle\caches\7.3.3\fileContent)" [_thread_blocked, id=21420, stack(0x0000001679500000,0x0000001679600000)]
  0x0000014935274800 JavaThread "jar transforms Thread 2" [_thread_blocked, id=21408, stack(0x0000001679600000,0x0000001679700000)]
  0x0000014935277000 JavaThread "jar transforms Thread 3" [_thread_blocked, id=21428, stack(0x0000001679800000,0x0000001679900000)]
  0x00000149336ef800 JavaThread "jar transforms Thread 4" [_thread_blocked, id=8276, stack(0x000000167c200000,0x000000167c300000)]
  0x00000149336ea800 JavaThread "Memory manager" [_thread_blocked, id=9424, stack(0x000000167c300000,0x000000167c400000)]
  0x000001493aedd000 JavaThread "RMI Scheduler(0)" daemon [_thread_blocked, id=9012, stack(0x0000001679100000,0x0000001679200000)]
  0x000001493aee0000 JavaThread "RMI GC Daemon" daemon [_thread_blocked, id=14392, stack(0x000000167d300000,0x000000167d400000)]
  0x000001493aee3800 JavaThread "RMI TCP Accept-0" daemon [_thread_in_native, id=11060, stack(0x000000167d500000,0x000000167d600000)]
  0x000001493aedd800 JavaThread "RMI Reaper" [_thread_blocked, id=2428, stack(0x000000167d600000,0x000000167d700000)]
  0x000001493aee1800 JavaThread "Cache worker for Java compile cache (C:\Users\vicky\.gradle\caches\7.3.3\javaCompile)" [_thread_blocked, id=13056, stack(0x000000167da00000,0x000000167db00000)]
  0x000001493526e000 JavaThread "ForkJoinPool.commonPool-worker-7" daemon [_thread_blocked, id=11764, stack(0x000000167d700000,0x000000167d800000)]
  0x0000014935c12000 JavaThread "RMI TCP Connection(35)-127.0.0.1" daemon [_thread_in_native, id=15792, stack(0x0000001676900000,0x0000001676a00000)]
  0x0000014935c0e000 JavaThread "Daemon Thread 10" [_thread_blocked, id=6868, stack(0x0000001676800000,0x0000001676900000)]
  0x0000014935c0c800 JavaThread "Handler for socket connection from /127.0.0.1:60738 to /127.0.0.1:63621" [_thread_in_native, id=15332, stack(0x0000001676a00000,0x0000001676b00000)]
  0x0000014935c0f000 JavaThread "Cancel handler" [_thread_blocked, id=21392, stack(0x0000001677c00000,0x0000001677d00000)]
  0x0000014935c10800 JavaThread "Daemon worker Thread 10" [_thread_blocked, id=2728, stack(0x0000001678300000,0x0000001678400000)]
  0x0000014935c11800 JavaThread "Asynchronous log dispatcher for DefaultDaemonConnection: socket connection from /127.0.0.1:60738 to /127.0.0.1:63621" [_thread_blocked, id=4944, stack(0x0000001678400000,0x0000001678500000)]
  0x0000014935c14800 JavaThread "Stdin handler" [_thread_blocked, id=3748, stack(0x0000001678500000,0x0000001678600000)]
  0x0000014935c13000 JavaThread "Daemon client event forwarder" [_thread_blocked, id=3588, stack(0x0000001678600000,0x0000001678700000)]
  0x0000014935c14000 JavaThread "Cache worker for file hash cache (C:\Users\vicky\Documents\Repo\GameSuit\.gradle\7.3.3\fileHashes)" [_thread_blocked, id=12236, stack(0x0000001678700000,0x0000001678800000)]
  0x0000014935c15800 JavaThread "Cache worker for checksums cache (C:\Users\vicky\Documents\Repo\GameSuit\.gradle\7.3.3\checksums)" [_thread_blocked, id=19608, stack(0x0000001678800000,0x0000001678900000)]
  0x0000014935c0f800 JavaThread "Cache worker for cache directory md-supplier (C:\Users\vicky\.gradle\caches\7.3.3\md-supplier)" [_thread_blocked, id=16488, stack(0x0000001678900000,0x0000001678a00000)]
  0x0000014935c17000 JavaThread "Cache worker for cache directory md-rule (C:\Users\vicky\.gradle\caches\7.3.3\md-rule)" [_thread_blocked, id=7892, stack(0x0000001678d00000,0x0000001678e00000)]
  0x0000014935c16800 JavaThread "Cache worker for dependencies-accessors (C:\Users\vicky\Documents\Repo\GameSuit\.gradle\7.3.3\dependencies-accessors)" [_thread_blocked, id=16200, stack(0x0000001679000000,0x0000001679100000)]
  0x0000014935c18000 JavaThread "Cache worker for Build Output Cleanup Cache (C:\Users\vicky\Documents\Repo\GameSuit\.gradle\buildOutputCleanup)" [_thread_blocked, id=9396, stack(0x0000001679200000,0x0000001679300000)]
  0x0000014935c19800 JavaThread "Unconstrained build operations" [_thread_blocked, id=17540, stack(0x0000001679900000,0x0000001679a00000)]
  0x0000014935c1a800 JavaThread "Unconstrained build operations Thread 2" [_thread_blocked, id=17652, stack(0x0000001679a00000,0x0000001679b00000)]
  0x0000014935c1b000 JavaThread "Unconstrained build operations Thread 3" [_thread_blocked, id=14004, stack(0x0000001679b00000,0x0000001679c00000)]
  0x00000149336e9000 JavaThread "Unconstrained build operations Thread 4" [_thread_blocked, id=13544, stack(0x0000001679c00000,0x0000001679d00000)]
  0x00000149336e5000 JavaThread "Unconstrained build operations Thread 5" [_thread_blocked, id=5976, stack(0x0000001679d00000,0x0000001679e00000)]
  0x00000149336e6000 JavaThread "Unconstrained build operations Thread 6" [_thread_blocked, id=16976, stack(0x0000001679e00000,0x0000001679f00000)]
  0x00000149336e8800 JavaThread "Unconstrained build operations Thread 7" [_thread_blocked, id=16056, stack(0x0000001679f00000,0x000000167a000000)]
  0x00000149336e6800 JavaThread "Unconstrained build operations Thread 8" [_thread_blocked, id=17916, stack(0x000000167a000000,0x000000167a100000)]
  0x00000149336e3800 JavaThread "Unconstrained build operations Thread 9" [_thread_blocked, id=13516, stack(0x000000167a100000,0x000000167a200000)]
  0x00000149336e7800 JavaThread "Unconstrained build operations Thread 10" [_thread_blocked, id=14496, stack(0x000000167a200000,0x000000167a300000)]
  0x00000149336ea000 JavaThread "Unconstrained build operations Thread 11" [_thread_blocked, id=13428, stack(0x000000167a300000,0x000000167a400000)]
  0x00000149336e4000 JavaThread "Unconstrained build operations Thread 12" [_thread_blocked, id=20092, stack(0x000000167a400000,0x000000167a500000)]
  0x00000149336f0800 JavaThread "Unconstrained build operations Thread 13" [_thread_blocked, id=7072, stack(0x000000167a500000,0x000000167a600000)]
  0x00000149336f1800 JavaThread "Unconstrained build operations Thread 14" [_thread_blocked, id=16952, stack(0x000000167a600000,0x000000167a700000)]
  0x00000149336eb800 JavaThread "Unconstrained build operations Thread 15" [_thread_blocked, id=14564, stack(0x000000167a700000,0x000000167a800000)]
  0x00000149336ed000 JavaThread "Unconstrained build operations Thread 16" [_thread_blocked, id=14872, stack(0x000000167a800000,0x000000167a900000)]
  0x00000149336ee000 JavaThread "Unconstrained build operations Thread 17" [_thread_blocked, id=19600, stack(0x000000167a900000,0x000000167aa00000)]
  0x00000149336ef000 JavaThread "Unconstrained build operations Thread 18" [_thread_blocked, id=19720, stack(0x000000167aa00000,0x000000167ab00000)]
  0x00000149336f2000 JavaThread "Unconstrained build operations Thread 19" [_thread_blocked, id=3148, stack(0x000000167ab00000,0x000000167ac00000)]
  0x000001493aee2800 JavaThread "Unconstrained build operations Thread 20" [_thread_blocked, id=21380, stack(0x000000167ac00000,0x000000167ad00000)]
  0x000001493aee1000 JavaThread "Unconstrained build operations Thread 21" [_thread_blocked, id=15276, stack(0x000000167ad00000,0x000000167ae00000)]
  0x000001493aee4000 JavaThread "Unconstrained build operations Thread 22" [_thread_blocked, id=19284, stack(0x000000167ae00000,0x000000167af00000)]
  0x000001493aede800 JavaThread "Unconstrained build operations Thread 23" [_thread_blocked, id=15544, stack(0x000000167af00000,0x000000167b000000)]
  0x000001493aee7800 JavaThread "Unconstrained build operations Thread 24" [_thread_blocked, id=15092, stack(0x000000167b000000,0x000000167b100000)]
  0x000001493aeea800 JavaThread "Unconstrained build operations Thread 25" [_thread_blocked, id=16528, stack(0x000000167b100000,0x000000167b200000)]
  0x000001493aee9000 JavaThread "Unconstrained build operations Thread 26" [_thread_blocked, id=5476, stack(0x000000167b200000,0x000000167b300000)]
  0x000001493aee5000 JavaThread "Unconstrained build operations Thread 27" [_thread_blocked, id=20100, stack(0x000000167b300000,0x000000167b400000)]
  0x000001493aee6000 JavaThread "Unconstrained build operations Thread 28" [_thread_blocked, id=15652, stack(0x000000167b400000,0x000000167b500000)]
  0x000001493aeea000 JavaThread "Unconstrained build operations Thread 29" [_thread_blocked, id=16404, stack(0x000000167b500000,0x000000167b600000)]
  0x000001493aeeb800 JavaThread "Unconstrained build operations Thread 30" [_thread_blocked, id=8544, stack(0x000000167b600000,0x000000167b700000)]
  0x000001493aee6800 JavaThread "Unconstrained build operations Thread 31" [_thread_blocked, id=13400, stack(0x000000167b700000,0x000000167b800000)]
  0x000001493aee8800 JavaThread "Unconstrained build operations Thread 32" [_thread_blocked, id=17168, stack(0x000000167b800000,0x000000167b900000)]
  0x0000014935272000 JavaThread "Unconstrained build operations Thread 33" [_thread_blocked, id=5308, stack(0x000000167b900000,0x000000167ba00000)]
  0x0000014935277800 JavaThread "Unconstrained build operations Thread 34" [_thread_blocked, id=4528, stack(0x000000167ba00000,0x000000167bb00000)]
  0x0000014935273800 JavaThread "Unconstrained build operations Thread 35" [_thread_blocked, id=16544, stack(0x000000167bb00000,0x000000167bc00000)]
  0x0000014935278800 JavaThread "Unconstrained build operations Thread 36" [_thread_blocked, id=8800, stack(0x000000167bc00000,0x000000167bd00000)]
  0x0000014935275000 JavaThread "Unconstrained build operations Thread 37" [_thread_blocked, id=15668, stack(0x000000167bd00000,0x000000167be00000)]
  0x0000014935276000 JavaThread "Unconstrained build operations Thread 38" [_thread_blocked, id=7028, stack(0x000000167be00000,0x000000167bf00000)]
  0x0000014935273000 JavaThread "Unconstrained build operations Thread 39" [_thread_blocked, id=17020, stack(0x000000167bf00000,0x000000167c000000)]
  0x0000014935279800 JavaThread "Unconstrained build operations Thread 40" [_thread_blocked, id=11076, stack(0x000000167c000000,0x000000167c100000)]
  0x000001493527a000 JavaThread "build event listener" [_thread_blocked, id=5296, stack(0x000000167c100000,0x000000167c200000)]
  0x000001493527b000 JavaThread "Execution worker for ':'" [_thread_in_native, id=19236, stack(0x000000167c400000,0x000000167c500000)]
  0x000001493149e800 JavaThread "Execution worker for ':' Thread 2" [_thread_blocked, id=13260, stack(0x000000167c500000,0x000000167c600000)]
  0x000001493149c800 JavaThread "Execution worker for ':' Thread 3" [_thread_blocked, id=1472, stack(0x000000167c600000,0x000000167c700000)]
  0x00000149314a1000 JavaThread "Cache worker for execution history cache (C:\Users\vicky\Documents\Repo\GameSuit\.gradle\7.3.3\executionHistory)" [_thread_blocked, id=5620, stack(0x000000167c700000,0x000000167c800000)]
  0x00000149314a3000 JavaThread "WorkerExecutor Queue" [_thread_blocked, id=21500, stack(0x000000167c800000,0x000000167c900000)]
  0x00000149314a2000 JavaThread "WorkerExecutor Queue Thread 2" [_thread_blocked, id=15812, stack(0x000000167cb00000,0x000000167cc00000)]
  0x000001493149f800 JavaThread "WorkerExecutor Queue Thread 3" [_thread_blocked, id=18496, stack(0x000000167cc00000,0x000000167cd00000)]
  0x00000149314a0800 JavaThread "WorkerExecutor Queue Thread 4" [_thread_blocked, id=7232, stack(0x000000167cd00000,0x000000167ce00000)]
  0x000001493149d000 JavaThread "pool-41-thread-1" [_thread_blocked, id=1768, stack(0x000000167ce00000,0x000000167cf00000)]
  0x00000149324c6800 JavaThread "stderr" [_thread_in_native, id=3012, stack(0x000000167cf00000,0x000000167d000000)]
  0x00000149324ca000 JavaThread "stdout" [_thread_in_native, id=9576, stack(0x000000167d000000,0x000000167d100000)]
  0x00000149324cd000 JavaThread "C2 CompilerThread1" daemon [_thread_in_native, id=8736, stack(0x0000001679700000,0x0000001679800000)]

Other Threads:
  0x000001492f87c000 VMThread "VM Thread" [stack: 0x0000001677100000,0x0000001677200000] [id=15340]
  0x0000014930290000 WatcherThread [stack: 0x0000001677b00000,0x0000001677c00000] [id=21404]
  0x0000014913d00800 GCTaskThread "GC Thread#0" [stack: 0x0000001676c00000,0x0000001676d00000] [id=4088]
  0x0000014930828800 GCTaskThread "GC Thread#1" [stack: 0x0000001677d00000,0x0000001677e00000] [id=21364]
  0x0000014930829800 GCTaskThread "GC Thread#2" [stack: 0x0000001677e00000,0x0000001677f00000] [id=21412]
  0x0000014930ea2800 GCTaskThread "GC Thread#3" [stack: 0x0000001677f00000,0x0000001678000000] [id=20768]
  0x0000014913d31000 ConcurrentGCThread "G1 Main Marker" [stack: 0x0000001676d00000,0x0000001676e00000] [id=4072]
  0x0000014913d34000 ConcurrentGCThread "G1 Conc#0" [stack: 0x0000001676e00000,0x0000001676f00000] [id=12488]
  0x0000014913dbe000 ConcurrentGCThread "G1 Refine#0" [stack: 0x0000001676f00000,0x0000001677000000] [id=8152]
  0x00000149338ff800 ConcurrentGCThread "G1 Refine#1" [stack: 0x000000167c900000,0x000000167ca00000] [id=11004]
  0x00000149338fe800 ConcurrentGCThread "G1 Refine#2" [stack: 0x000000167ca00000,0x000000167cb00000] [id=4080]
  0x000001492f6f4800 ConcurrentGCThread "G1 Young RemSet Sampling" [stack: 0x0000001677000000,0x0000001677100000] [id=14832]

Threads with active compile tasks:
C2 CompilerThread02182361 29231       4       com.android.ide.common.symbols.SymbolTable::filter (187 bytes)
C2 CompilerThread12182361 29271       4       kotlin.text.StringsKt__StringsKt::split$StringsKt__StringsKt (182 bytes)

VM state:not at safepoint (normal execution)

VM Mutex/Monitor currently owned by a thread: None

Heap address: 0x0000000080000000, size: 2048 MB, Compressed Oops mode: 32-bit
Narrow klass base: 0x0000000000000000, Narrow klass shift: 3
Compressed class space size: 1073741824 Address: 0x0000000100000000

Heap:
 garbage-first heap   total 264192K, used 137137K [0x0000000080000000, 0x0000000100000000)
  region size 1024K, 31 young (31744K), 2 survivors (2048K)
 Metaspace       used 144209K, capacity 148625K, committed 149584K, reserved 1179648K
  class space    used 17721K, capacity 19363K, committed 19700K, reserved 1048576K
Heap Regions: E=young(eden), S=young(survivor), O=old, HS=humongous(starts), HC=humongous(continues), CS=collection set, F=free, A=archive, TAMS=top-at-mark-start (previous, next)
|   0|0x0000000080000000, 0x0000000080100000, 0x0000000080100000|100%| O|  |TAMS 0x0000000080100000, 0x0000000080000000| Untracked 
|   1|0x0000000080100000, 0x0000000080200000, 0x0000000080200000|100%| O|  |TAMS 0x0000000080200000, 0x0000000080100000| Untracked 
|   2|0x0000000080200000, 0x0000000080300000, 0x0000000080300000|100%| O|  |TAMS 0x0000000080300000, 0x0000000080200000| Untracked 
|   3|0x0000000080300000, 0x0000000080400000, 0x0000000080400000|100%|HS|  |TAMS 0x0000000080400000, 0x0000000080300000| Complete 
|   4|0x0000000080400000, 0x0000000080500000, 0x0000000080500000|100%|HC|  |TAMS 0x0000000080500000, 0x0000000080400000| Complete 
|   5|0x0000000080500000, 0x0000000080600000, 0x0000000080600000|100%|HC|  |TAMS 0x0000000080600000, 0x0000000080500000| Complete 
|   6|0x0000000080600000, 0x0000000080700000, 0x0000000080700000|100%| O|  |TAMS 0x0000000080700000, 0x0000000080600000| Untracked 
|   7|0x0000000080700000, 0x0000000080800000, 0x0000000080800000|100%| O|  |TAMS 0x0000000080800000, 0x0000000080700000| Untracked 
|   8|0x0000000080800000, 0x0000000080900000, 0x0000000080900000|100%| O|  |TAMS 0x0000000080900000, 0x0000000080800000| Untracked 
|   9|0x0000000080900000, 0x0000000080a00000, 0x0000000080a00000|100%| O|  |TAMS 0x0000000080a00000, 0x0000000080900000| Untracked 
|  10|0x0000000080a00000, 0x0000000080b00000, 0x0000000080b00000|100%| O|  |TAMS 0x0000000080b00000, 0x0000000080a00000| Untracked 
|  11|0x0000000080b00000, 0x0000000080c00000, 0x0000000080c00000|100%| O|  |TAMS 0x0000000080c00000, 0x0000000080b00000| Untracked 
|  12|0x0000000080c00000, 0x0000000080d00000, 0x0000000080d00000|100%| O|  |TAMS 0x0000000080d00000, 0x0000000080c00000| Untracked 
|  13|0x0000000080d00000, 0x0000000080e00000, 0x0000000080e00000|100%| O|  |TAMS 0x0000000080e00000, 0x0000000080d00000| Untracked 
|  14|0x0000000080e00000, 0x0000000080f00000, 0x0000000080f00000|100%| O|  |TAMS 0x0000000080f00000, 0x0000000080e00000| Untracked 
|  15|0x0000000080f00000, 0x0000000081000000, 0x0000000081000000|100%| O|  |TAMS 0x0000000081000000, 0x0000000080f00000| Untracked 
|  16|0x0000000081000000, 0x0000000081100000, 0x0000000081100000|100%| O|  |TAMS 0x0000000081100000, 0x0000000081000000| Untracked 
|  17|0x0000000081100000, 0x0000000081200000, 0x0000000081200000|100%|HS|  |TAMS 0x0000000081200000, 0x0000000081100000| Complete 
|  18|0x0000000081200000, 0x0000000081300000, 0x0000000081300000|100%|HS|  |TAMS 0x0000000081300000, 0x0000000081200000| Complete 
|  19|0x0000000081300000, 0x0000000081400000, 0x0000000081400000|100%|HS|  |TAMS 0x0000000081400000, 0x0000000081300000| Complete 
|  20|0x0000000081400000, 0x0000000081500000, 0x0000000081500000|100%|HS|  |TAMS 0x0000000081500000, 0x0000000081400000| Complete 
|  21|0x0000000081500000, 0x0000000081600000, 0x0000000081600000|100%|HC|  |TAMS 0x0000000081600000, 0x0000000081500000| Complete 
|  22|0x0000000081600000, 0x0000000081700000, 0x0000000081700000|100%|HC|  |TAMS 0x0000000081700000, 0x0000000081600000| Complete 
|  23|0x0000000081700000, 0x0000000081800000, 0x0000000081800000|100%|HS|  |TAMS 0x0000000081800000, 0x0000000081700000| Complete 
|  24|0x0000000081800000, 0x0000000081900000, 0x0000000081900000|100%|HC|  |TAMS 0x0000000081900000, 0x0000000081800000| Complete 
|  25|0x0000000081900000, 0x0000000081a00000, 0x0000000081a00000|100%| O|  |TAMS 0x0000000081a00000, 0x0000000081900000| Untracked 
|  26|0x0000000081a00000, 0x0000000081b00000, 0x0000000081b00000|100%| O|  |TAMS 0x0000000081b00000, 0x0000000081a00000| Untracked 
|  27|0x0000000081b00000, 0x0000000081c00000, 0x0000000081c00000|100%| O|  |TAMS 0x0000000081c00000, 0x0000000081b00000| Untracked 
|  28|0x0000000081c00000, 0x0000000081d00000, 0x0000000081d00000|100%| O|  |TAMS 0x0000000081d00000, 0x0000000081c00000| Untracked 
|  29|0x0000000081d00000, 0x0000000081e00000, 0x0000000081e00000|100%| O|  |TAMS 0x0000000081e00000, 0x0000000081d00000| Untracked 
|  30|0x0000000081e00000, 0x0000000081f00000, 0x0000000081f00000|100%| O|  |TAMS 0x0000000081f00000, 0x0000000081e00000| Untracked 
|  31|0x0000000081f00000, 0x0000000082000000, 0x0000000082000000|100%| O|  |TAMS 0x0000000082000000, 0x0000000081f00000| Untracked 
|  32|0x0000000082000000, 0x0000000082100000, 0x0000000082100000|100%| O|  |TAMS 0x0000000082100000, 0x0000000082000000| Untracked 
|  33|0x0000000082100000, 0x0000000082200000, 0x0000000082200000|100%| O|  |TAMS 0x0000000082200000, 0x0000000082100000| Untracked 
|  34|0x0000000082200000, 0x0000000082300000, 0x0000000082300000|100%| O|  |TAMS 0x0000000082300000, 0x0000000082200000| Untracked 
|  35|0x0000000082300000, 0x0000000082400000, 0x0000000082400000|100%| O|  |TAMS 0x0000000082400000, 0x0000000082300000| Untracked 
|  36|0x0000000082400000, 0x0000000082500000, 0x0000000082500000|100%| O|  |TAMS 0x0000000082500000, 0x0000000082400000| Untracked 
|  37|0x0000000082500000, 0x0000000082600000, 0x0000000082600000|100%| O|  |TAMS 0x0000000082600000, 0x0000000082500000| Untracked 
|  38|0x0000000082600000, 0x0000000082700000, 0x0000000082700000|100%| O|  |TAMS 0x0000000082700000, 0x0000000082600000| Untracked 
|  39|0x0000000082700000, 0x0000000082800000, 0x0000000082800000|100%| O|  |TAMS 0x0000000082800000, 0x0000000082700000| Untracked 
|  40|0x0000000082800000, 0x0000000082900000, 0x0000000082900000|100%| O|  |TAMS 0x0000000082900000, 0x0000000082800000| Untracked 
|  41|0x0000000082900000, 0x0000000082a00000, 0x0000000082a00000|100%| O|  |TAMS 0x0000000082a00000, 0x0000000082900000| Untracked 
|  42|0x0000000082a00000, 0x0000000082b00000, 0x0000000082b00000|100%| O|  |TAMS 0x0000000082b00000, 0x0000000082a00000| Untracked 
|  43|0x0000000082b00000, 0x0000000082c00000, 0x0000000082c00000|100%| O|  |TAMS 0x0000000082c00000, 0x0000000082b00000| Untracked 
|  44|0x0000000082c00000, 0x0000000082c00000, 0x0000000082d00000|  0%| F|  |TAMS 0x0000000082c00000, 0x0000000082c00000| Untracked 
|  45|0x0000000082d00000, 0x0000000082d00000, 0x0000000082e00000|  0%| F|  |TAMS 0x0000000082d00000, 0x0000000082d00000| Untracked 
|  46|0x0000000082e00000, 0x0000000082f00000, 0x0000000082f00000|100%| O|  |TAMS 0x0000000082f00000, 0x0000000082e00000| Untracked 
|  47|0x0000000082f00000, 0x0000000083000000, 0x0000000083000000|100%| O|  |TAMS 0x0000000083000000, 0x0000000082f00000| Untracked 
|  48|0x0000000083000000, 0x0000000083100000, 0x0000000083100000|100%| O|  |TAMS 0x0000000083100000, 0x0000000083000000| Untracked 
|  49|0x0000000083100000, 0x0000000083100000, 0x0000000083200000|  0%| F|  |TAMS 0x0000000083100000, 0x0000000083100000| Untracked 
|  50|0x0000000083200000, 0x0000000083300000, 0x0000000083300000|100%| O|  |TAMS 0x0000000083300000, 0x0000000083200000| Untracked 
|  51|0x0000000083300000, 0x0000000083400000, 0x0000000083400000|100%| O|  |TAMS 0x0000000083400000, 0x0000000083300000| Untracked 
|  52|0x0000000083400000, 0x0000000083500000, 0x0000000083500000|100%| O|  |TAMS 0x0000000083500000, 0x0000000083400000| Untracked 
|  53|0x0000000083500000, 0x0000000083600000, 0x0000000083600000|100%| O|  |TAMS 0x0000000083600000, 0x0000000083500000| Untracked 
|  54|0x0000000083600000, 0x0000000083600000, 0x0000000083700000|  0%| F|  |TAMS 0x0000000083600000, 0x0000000083600000| Untracked 
|  55|0x0000000083700000, 0x0000000083700000, 0x0000000083800000|  0%| F|  |TAMS 0x0000000083700000, 0x0000000083700000| Untracked 
|  56|0x0000000083800000, 0x0000000083900000, 0x0000000083900000|100%| O|  |TAMS 0x0000000083900000, 0x0000000083800000| Untracked 
|  57|0x0000000083900000, 0x0000000083a00000, 0x0000000083a00000|100%| O|  |TAMS 0x0000000083a00000, 0x0000000083900000| Untracked 
|  58|0x0000000083a00000, 0x0000000083b00000, 0x0000000083b00000|100%| O|  |TAMS 0x0000000083b00000, 0x0000000083a00000| Untracked 
|  59|0x0000000083b00000, 0x0000000083c00000, 0x0000000083c00000|100%| O|  |TAMS 0x0000000083c00000, 0x0000000083b00000| Untracked 
|  60|0x0000000083c00000, 0x0000000083d00000, 0x0000000083d00000|100%| O|  |TAMS 0x0000000083d00000, 0x0000000083c00000| Untracked 
|  61|0x0000000083d00000, 0x0000000083e00000, 0x0000000083e00000|100%| O|  |TAMS 0x0000000083e00000, 0x0000000083d00000| Untracked 
|  62|0x0000000083e00000, 0x0000000083e00000, 0x0000000083f00000|  0%| F|  |TAMS 0x0000000083e00000, 0x0000000083e00000| Untracked 
|  63|0x0000000083f00000, 0x0000000084000000, 0x0000000084000000|100%| O|  |TAMS 0x0000000084000000, 0x0000000083f00000| Untracked 
|  64|0x0000000084000000, 0x0000000084100000, 0x0000000084100000|100%| O|  |TAMS 0x0000000084100000, 0x0000000084000000| Untracked 
|  65|0x0000000084100000, 0x0000000084200000, 0x0000000084200000|100%| O|  |TAMS 0x0000000084200000, 0x0000000084100000| Untracked 
|  66|0x0000000084200000, 0x0000000084300000, 0x0000000084300000|100%| O|  |TAMS 0x0000000084300000, 0x0000000084200000| Untracked 
|  67|0x0000000084300000, 0x0000000084400000, 0x0000000084400000|100%| O|  |TAMS 0x0000000084400000, 0x0000000084300000| Untracked 
|  68|0x0000000084400000, 0x0000000084400000, 0x0000000084500000|  0%| F|  |TAMS 0x0000000084400000, 0x0000000084400000| Untracked 
|  69|0x0000000084500000, 0x0000000084600000, 0x0000000084600000|100%| O|  |TAMS 0x0000000084600000, 0x0000000084500000| Untracked 
|  70|0x0000000084600000, 0x0000000084600000, 0x0000000084700000|  0%| F|  |TAMS 0x0000000084600000, 0x0000000084600000| Untracked 
|  71|0x0000000084700000, 0x0000000084800000, 0x0000000084800000|100%| O|  |TAMS 0x0000000084800000, 0x0000000084700000| Untracked 
|  72|0x0000000084800000, 0x0000000084800000, 0x0000000084900000|  0%| F|  |TAMS 0x0000000084800000, 0x0000000084800000| Untracked 
|  73|0x0000000084900000, 0x0000000084900000, 0x0000000084a00000|  0%| F|  |TAMS 0x0000000084900000, 0x0000000084900000| Untracked 
|  74|0x0000000084a00000, 0x0000000084a00000, 0x0000000084b00000|  0%| F|  |TAMS 0x0000000084a00000, 0x0000000084a00000| Untracked 
|  75|0x0000000084b00000, 0x0000000084c00000, 0x0000000084c00000|100%| O|  |TAMS 0x0000000084b00000, 0x0000000084b00000| Untracked 
|  76|0x0000000084c00000, 0x0000000084d00000, 0x0000000084d00000|100%| O|  |TAMS 0x0000000084d00000, 0x0000000084c00000| Untracked 
|  77|0x0000000084d00000, 0x0000000084e00000, 0x0000000084e00000|100%| O|  |TAMS 0x0000000084e00000, 0x0000000084d00000| Untracked 
|  78|0x0000000084e00000, 0x0000000084f00000, 0x0000000084f00000|100%| O|  |TAMS 0x0000000084e0f000, 0x0000000084e00000| Untracked 
|  79|0x0000000084f00000, 0x0000000085000000, 0x0000000085000000|100%| O|  |TAMS 0x0000000085000000, 0x0000000084f00000| Untracked 
|  80|0x0000000085000000, 0x0000000085100000, 0x0000000085100000|100%| O|  |TAMS 0x0000000085100000, 0x0000000085000000| Untracked 
|  81|0x0000000085100000, 0x0000000085200000, 0x0000000085200000|100%| O|  |TAMS 0x0000000085200000, 0x0000000085100000| Untracked 
|  82|0x0000000085200000, 0x0000000085300000, 0x0000000085300000|100%| O|  |TAMS 0x0000000085300000, 0x0000000085200000| Untracked 
|  83|0x0000000085300000, 0x0000000085400000, 0x0000000085400000|100%| O|  |TAMS 0x0000000085300000, 0x0000000085300000| Untracked 
|  84|0x0000000085400000, 0x0000000085500000, 0x0000000085500000|100%| O|  |TAMS 0x0000000085500000, 0x0000000085400000| Untracked 
|  85|0x0000000085500000, 0x0000000085500000, 0x0000000085600000|  0%| F|  |TAMS 0x0000000085500000, 0x0000000085500000| Untracked 
|  86|0x0000000085600000, 0x0000000085700000, 0x0000000085700000|100%| O|  |TAMS 0x0000000085700000, 0x0000000085600000| Untracked 
|  87|0x0000000085700000, 0x0000000085800000, 0x0000000085800000|100%| O|  |TAMS 0x0000000085700000, 0x0000000085700000| Untracked 
|  88|0x0000000085800000, 0x0000000085900000, 0x0000000085900000|100%| O|  |TAMS 0x0000000085800000, 0x0000000085800000| Untracked 
|  89|0x0000000085900000, 0x0000000085a00000, 0x0000000085a00000|100%| O|  |TAMS 0x0000000085900000, 0x0000000085900000| Untracked 
|  90|0x0000000085a00000, 0x0000000085b00000, 0x0000000085b00000|100%| O|  |TAMS 0x0000000085a00000, 0x0000000085a00000| Untracked 
|  91|0x0000000085b00000, 0x0000000085c00000, 0x0000000085c00000|100%| O|  |TAMS 0x0000000085c00000, 0x0000000085b00000| Untracked 
|  92|0x0000000085c00000, 0x0000000085d00000, 0x0000000085d00000|100%| O|  |TAMS 0x0000000085d00000, 0x0000000085c00000| Untracked 
|  93|0x0000000085d00000, 0x0000000085e00000, 0x0000000085e00000|100%| O|  |TAMS 0x0000000085e00000, 0x0000000085d00000| Untracked 
|  94|0x0000000085e00000, 0x0000000085f00000, 0x0000000085f00000|100%| O|  |TAMS 0x0000000085f00000, 0x0000000085e00000| Untracked 
|  95|0x0000000085f00000, 0x0000000086000000, 0x0000000086000000|100%| O|  |TAMS 0x0000000086000000, 0x0000000085f00000| Untracked 
|  96|0x0000000086000000, 0x0000000086100000, 0x0000000086100000|100%| O|  |TAMS 0x0000000086100000, 0x0000000086000000| Untracked 
|  97|0x0000000086100000, 0x0000000086200000, 0x0000000086200000|100%| O|  |TAMS 0x0000000086200000, 0x0000000086100000| Untracked 
|  98|0x0000000086200000, 0x0000000086300000, 0x0000000086300000|100%| O|  |TAMS 0x0000000086300000, 0x0000000086200000| Untracked 
|  99|0x0000000086300000, 0x0000000086400000, 0x0000000086400000|100%| O|  |TAMS 0x0000000086400000, 0x0000000086300000| Untracked 
| 100|0x0000000086400000, 0x0000000086400000, 0x0000000086500000|  0%| F|  |TAMS 0x0000000086400000, 0x0000000086400000| Untracked 
| 101|0x0000000086500000, 0x0000000086500000, 0x0000000086600000|  0%| F|  |TAMS 0x0000000086500000, 0x0000000086500000| Untracked 
| 102|0x0000000086600000, 0x0000000086700000, 0x0000000086700000|100%| O|  |TAMS 0x0000000086600000, 0x0000000086600000| Untracked 
| 103|0x0000000086700000, 0x0000000086800000, 0x0000000086800000|100%| O|  |TAMS 0x0000000086700000, 0x0000000086700000| Untracked 
| 104|0x0000000086800000, 0x0000000086900000, 0x0000000086900000|100%| O|  |TAMS 0x0000000086800000, 0x0000000086800000| Untracked 
| 105|0x0000000086900000, 0x0000000086900000, 0x0000000086a00000|  0%| F|  |TAMS 0x0000000086900000, 0x0000000086900000| Untracked 
| 106|0x0000000086a00000, 0x0000000086b00000, 0x0000000086b00000|100%| O|  |TAMS 0x0000000086b00000, 0x0000000086a00000| Untracked 
| 107|0x0000000086b00000, 0x0000000086c00000, 0x0000000086c00000|100%| O|  |TAMS 0x0000000086c00000, 0x0000000086b00000| Untracked 
| 108|0x0000000086c00000, 0x0000000086c00000, 0x0000000086d00000|  0%| F|  |TAMS 0x0000000086c00000, 0x0000000086c00000| Untracked 
| 109|0x0000000086d00000, 0x0000000086e00000, 0x0000000086e00000|100%| O|  |TAMS 0x0000000086d00000, 0x0000000086d00000| Untracked 
| 110|0x0000000086e00000, 0x0000000086f00000, 0x0000000086f00000|100%| O|  |TAMS 0x0000000086e00000, 0x0000000086e00000| Untracked 
| 111|0x0000000086f00000, 0x0000000087000000, 0x0000000087000000|100%| O|  |TAMS 0x0000000086f00000, 0x0000000086f00000| Untracked 
| 112|0x0000000087000000, 0x0000000087100000, 0x0000000087100000|100%| O|  |TAMS 0x0000000087100000, 0x0000000087000000| Untracked 
| 113|0x0000000087100000, 0x0000000087100000, 0x0000000087200000|  0%| F|  |TAMS 0x0000000087100000, 0x0000000087100000| Untracked 
| 114|0x0000000087200000, 0x0000000087300000, 0x0000000087300000|100%| O|  |TAMS 0x0000000087300000, 0x0000000087200000| Untracked 
| 115|0x0000000087300000, 0x00000000873ec400, 0x0000000087400000| 92%| O|  |TAMS 0x0000000087300000, 0x0000000087300000| Untracked 
| 116|0x0000000087400000, 0x0000000087400000, 0x0000000087500000|  0%| F|  |TAMS 0x0000000087400000, 0x0000000087400000| Untracked 
| 117|0x0000000087500000, 0x0000000087500000, 0x0000000087600000|  0%| F|  |TAMS 0x0000000087500000, 0x0000000087500000| Untracked 
| 118|0x0000000087600000, 0x0000000087600000, 0x0000000087700000|  0%| F|  |TAMS 0x0000000087600000, 0x0000000087600000| Untracked 
| 119|0x0000000087700000, 0x0000000087700000, 0x0000000087800000|  0%| F|  |TAMS 0x0000000087700000, 0x0000000087700000| Untracked 
| 120|0x0000000087800000, 0x0000000087900000, 0x0000000087900000|100%| O|  |TAMS 0x0000000087900000, 0x0000000087800000| Untracked 
| 121|0x0000000087900000, 0x0000000087900000, 0x0000000087a00000|  0%| F|  |TAMS 0x0000000087900000, 0x0000000087900000| Untracked 
| 122|0x0000000087a00000, 0x0000000087a00000, 0x0000000087b00000|  0%| F|  |TAMS 0x0000000087a00000, 0x0000000087a00000| Untracked 
| 123|0x0000000087b00000, 0x0000000087b00000, 0x0000000087c00000|  0%| F|  |TAMS 0x0000000087b00000, 0x0000000087b00000| Untracked 
| 124|0x0000000087c00000, 0x0000000087c00000, 0x0000000087d00000|  0%| F|  |TAMS 0x0000000087c00000, 0x0000000087c00000| Untracked 
| 125|0x0000000087d00000, 0x0000000087d00000, 0x0000000087e00000|  0%| F|  |TAMS 0x0000000087d00000, 0x0000000087d00000| Untracked 
| 126|0x0000000087e00000, 0x0000000087f00000, 0x0000000087f00000|100%| O|  |TAMS 0x0000000087f00000, 0x0000000087e00000| Untracked 
| 127|0x0000000087f00000, 0x0000000088000000, 0x0000000088000000|100%| O|  |TAMS 0x0000000088000000, 0x0000000087f00000| Untracked 
| 128|0x0000000088000000, 0x0000000088100000, 0x0000000088100000|100%| O|  |TAMS 0x0000000088100000, 0x0000000088000000| Untracked 
| 129|0x0000000088100000, 0x0000000088100000, 0x0000000088200000|  0%| F|  |TAMS 0x0000000088100000, 0x0000000088100000| Untracked 
| 130|0x0000000088200000, 0x0000000088200000, 0x0000000088300000|  0%| F|  |TAMS 0x0000000088200000, 0x0000000088200000| Untracked 
| 131|0x0000000088300000, 0x0000000088300000, 0x0000000088400000|  0%| F|  |TAMS 0x0000000088300000, 0x0000000088300000| Untracked 
| 132|0x0000000088400000, 0x0000000088500000, 0x0000000088500000|100%| O|  |TAMS 0x0000000088500000, 0x0000000088400000| Untracked 
| 133|0x0000000088500000, 0x0000000088500000, 0x0000000088600000|  0%| F|  |TAMS 0x0000000088500000, 0x0000000088500000| Untracked 
| 134|0x0000000088600000, 0x0000000088600000, 0x0000000088700000|  0%| F|  |TAMS 0x0000000088600000, 0x0000000088600000| Untracked 
| 135|0x0000000088700000, 0x0000000088700000, 0x0000000088800000|  0%| F|  |TAMS 0x0000000088700000, 0x0000000088700000| Untracked 
| 136|0x0000000088800000, 0x0000000088800000, 0x0000000088900000|  0%| F|  |TAMS 0x0000000088800000, 0x0000000088800000| Untracked 
| 137|0x0000000088900000, 0x0000000088900000, 0x0000000088a00000|  0%| F|  |TAMS 0x0000000088900000, 0x0000000088900000| Untracked 
| 138|0x0000000088a00000, 0x0000000088a00000, 0x0000000088b00000|  0%| F|  |TAMS 0x0000000088a00000, 0x0000000088a00000| Untracked 
| 139|0x0000000088b00000, 0x0000000088b00000, 0x0000000088c00000|  0%| F|  |TAMS 0x0000000088b00000, 0x0000000088b00000| Untracked 
| 140|0x0000000088c00000, 0x0000000088c00000, 0x0000000088d00000|  0%| F|  |TAMS 0x0000000088c00000, 0x0000000088c00000| Untracked 
| 141|0x0000000088d00000, 0x0000000088d00000, 0x0000000088e00000|  0%| F|  |TAMS 0x0000000088d00000, 0x0000000088d00000| Untracked 
| 142|0x0000000088e00000, 0x0000000088e00000, 0x0000000088f00000|  0%| F|  |TAMS 0x0000000088e00000, 0x0000000088e00000| Untracked 
| 143|0x0000000088f00000, 0x0000000088f00000, 0x0000000089000000|  0%| F|  |TAMS 0x0000000088f00000, 0x0000000088f00000| Untracked 
| 144|0x0000000089000000, 0x0000000089000000, 0x0000000089100000|  0%| F|  |TAMS 0x0000000089000000, 0x0000000089000000| Untracked 
| 145|0x0000000089100000, 0x0000000089100000, 0x0000000089200000|  0%| F|  |TAMS 0x0000000089100000, 0x0000000089100000| Untracked 
| 146|0x0000000089200000, 0x0000000089200000, 0x0000000089300000|  0%| F|  |TAMS 0x0000000089200000, 0x0000000089200000| Untracked 
| 147|0x0000000089300000, 0x0000000089300000, 0x0000000089400000|  0%| F|  |TAMS 0x0000000089300000, 0x0000000089300000| Untracked 
| 148|0x0000000089400000, 0x0000000089400000, 0x0000000089500000|  0%| F|  |TAMS 0x0000000089400000, 0x0000000089400000| Untracked 
| 149|0x0000000089500000, 0x0000000089500000, 0x0000000089600000|  0%| F|  |TAMS 0x0000000089500000, 0x0000000089500000| Untracked 
| 150|0x0000000089600000, 0x0000000089600000, 0x0000000089700000|  0%| F|  |TAMS 0x0000000089600000, 0x0000000089600000| Untracked 
| 151|0x0000000089700000, 0x0000000089700000, 0x0000000089800000|  0%| F|  |TAMS 0x0000000089700000, 0x0000000089700000| Untracked 
| 152|0x0000000089800000, 0x0000000089800000, 0x0000000089900000|  0%| F|  |TAMS 0x0000000089800000, 0x0000000089800000| Untracked 
| 153|0x0000000089900000, 0x0000000089900000, 0x0000000089a00000|  0%| F|  |TAMS 0x0000000089900000, 0x0000000089900000| Untracked 
| 154|0x0000000089a00000, 0x0000000089a00000, 0x0000000089b00000|  0%| F|  |TAMS 0x0000000089a00000, 0x0000000089a00000| Untracked 
| 155|0x0000000089b00000, 0x0000000089b00000, 0x0000000089c00000|  0%| F|  |TAMS 0x0000000089b00000, 0x0000000089b00000| Untracked 
| 156|0x0000000089c00000, 0x0000000089c00000, 0x0000000089d00000|  0%| F|  |TAMS 0x0000000089c00000, 0x0000000089c00000| Untracked 
| 157|0x0000000089d00000, 0x0000000089d00000, 0x0000000089e00000|  0%| F|  |TAMS 0x0000000089d00000, 0x0000000089d00000| Untracked 
| 158|0x0000000089e00000, 0x0000000089e00000, 0x0000000089f00000|  0%| F|  |TAMS 0x0000000089e00000, 0x0000000089e00000| Untracked 
| 159|0x0000000089f00000, 0x0000000089f00000, 0x000000008a000000|  0%| F|  |TAMS 0x0000000089f00000, 0x0000000089f00000| Untracked 
| 160|0x000000008a000000, 0x000000008a000000, 0x000000008a100000|  0%| F|  |TAMS 0x000000008a000000, 0x000000008a000000| Untracked 
| 161|0x000000008a100000, 0x000000008a100000, 0x000000008a200000|  0%| F|  |TAMS 0x000000008a100000, 0x000000008a100000| Untracked 
| 162|0x000000008a200000, 0x000000008a200000, 0x000000008a300000|  0%| F|  |TAMS 0x000000008a200000, 0x000000008a200000| Untracked 
| 163|0x000000008a300000, 0x000000008a300000, 0x000000008a400000|  0%| F|  |TAMS 0x000000008a300000, 0x000000008a300000| Untracked 
| 164|0x000000008a400000, 0x000000008a400000, 0x000000008a500000|  0%| F|  |TAMS 0x000000008a400000, 0x000000008a400000| Untracked 
| 165|0x000000008a500000, 0x000000008a500000, 0x000000008a600000|  0%| F|  |TAMS 0x000000008a500000, 0x000000008a500000| Untracked 
| 166|0x000000008a600000, 0x000000008a600000, 0x000000008a700000|  0%| F|  |TAMS 0x000000008a600000, 0x000000008a600000| Untracked 
| 167|0x000000008a700000, 0x000000008a700000, 0x000000008a800000|  0%| F|  |TAMS 0x000000008a700000, 0x000000008a700000| Untracked 
| 168|0x000000008a800000, 0x000000008a800000, 0x000000008a900000|  0%| F|  |TAMS 0x000000008a800000, 0x000000008a800000| Untracked 
| 169|0x000000008a900000, 0x000000008a900000, 0x000000008aa00000|  0%| F|  |TAMS 0x000000008a900000, 0x000000008a900000| Untracked 
| 170|0x000000008aa00000, 0x000000008aa00000, 0x000000008ab00000|  0%| F|  |TAMS 0x000000008aa00000, 0x000000008aa00000| Untracked 
| 171|0x000000008ab00000, 0x000000008ab00000, 0x000000008ac00000|  0%| F|  |TAMS 0x000000008ab00000, 0x000000008ab00000| Untracked 
| 172|0x000000008ac00000, 0x000000008ac00000, 0x000000008ad00000|  0%| F|  |TAMS 0x000000008ac00000, 0x000000008ac00000| Untracked 
| 173|0x000000008ad00000, 0x000000008ad00000, 0x000000008ae00000|  0%| F|  |TAMS 0x000000008ad00000, 0x000000008ad00000| Untracked 
| 174|0x000000008ae00000, 0x000000008ae00000, 0x000000008af00000|  0%| F|  |TAMS 0x000000008ae00000, 0x000000008ae00000| Untracked 
| 175|0x000000008af00000, 0x000000008af00000, 0x000000008b000000|  0%| F|  |TAMS 0x000000008af00000, 0x000000008af00000| Untracked 
| 176|0x000000008b000000, 0x000000008b000000, 0x000000008b100000|  0%| F|  |TAMS 0x000000008b000000, 0x000000008b000000| Untracked 
| 177|0x000000008b100000, 0x000000008b100000, 0x000000008b200000|  0%| F|  |TAMS 0x000000008b100000, 0x000000008b100000| Untracked 
| 178|0x000000008b200000, 0x000000008b200000, 0x000000008b300000|  0%| F|  |TAMS 0x000000008b200000, 0x000000008b200000| Untracked 
| 179|0x000000008b300000, 0x000000008b300000, 0x000000008b400000|  0%| F|  |TAMS 0x000000008b300000, 0x000000008b300000| Untracked 
| 180|0x000000008b400000, 0x000000008b400000, 0x000000008b500000|  0%| F|  |TAMS 0x000000008b400000, 0x000000008b400000| Untracked 
| 181|0x000000008b500000, 0x000000008b500000, 0x000000008b600000|  0%| F|  |TAMS 0x000000008b500000, 0x000000008b500000| Untracked 
| 182|0x000000008b600000, 0x000000008b600000, 0x000000008b700000|  0%| F|  |TAMS 0x000000008b600000, 0x000000008b600000| Untracked 
| 183|0x000000008b700000, 0x000000008b700000, 0x000000008b800000|  0%| F|  |TAMS 0x000000008b700000, 0x000000008b700000| Untracked 
| 184|0x000000008b800000, 0x000000008b800000, 0x000000008b900000|  0%| F|  |TAMS 0x000000008b800000, 0x000000008b800000| Untracked 
| 185|0x000000008b900000, 0x000000008b900000, 0x000000008ba00000|  0%| F|  |TAMS 0x000000008b900000, 0x000000008b900000| Untracked 
| 186|0x000000008ba00000, 0x000000008ba00000, 0x000000008bb00000|  0%| F|  |TAMS 0x000000008ba00000, 0x000000008ba00000| Untracked 
| 187|0x000000008bb00000, 0x000000008bb00000, 0x000000008bc00000|  0%| F|  |TAMS 0x000000008bb00000, 0x000000008bb00000| Untracked 
| 188|0x000000008bc00000, 0x000000008bc00000, 0x000000008bd00000|  0%| F|  |TAMS 0x000000008bc00000, 0x000000008bc00000| Untracked 
| 189|0x000000008bd00000, 0x000000008bd00000, 0x000000008be00000|  0%| F|  |TAMS 0x000000008bd00000, 0x000000008bd00000| Untracked 
| 190|0x000000008be00000, 0x000000008be00000, 0x000000008bf00000|  0%| F|  |TAMS 0x000000008be00000, 0x000000008be00000| Untracked 
| 191|0x000000008bf00000, 0x000000008bf00000, 0x000000008c000000|  0%| F|  |TAMS 0x000000008bf00000, 0x000000008bf00000| Untracked 
| 192|0x000000008c000000, 0x000000008c000000, 0x000000008c100000|  0%| F|  |TAMS 0x000000008c000000, 0x000000008c000000| Untracked 
| 193|0x000000008c100000, 0x000000008c100000, 0x000000008c200000|  0%| F|  |TAMS 0x000000008c100000, 0x000000008c100000| Untracked 
| 194|0x000000008c200000, 0x000000008c200000, 0x000000008c300000|  0%| F|  |TAMS 0x000000008c200000, 0x000000008c200000| Untracked 
| 195|0x000000008c300000, 0x000000008c300000, 0x000000008c400000|  0%| F|  |TAMS 0x000000008c300000, 0x000000008c300000| Untracked 
| 196|0x000000008c400000, 0x000000008c400000, 0x000000008c500000|  0%| F|  |TAMS 0x000000008c400000, 0x000000008c400000| Untracked 
| 197|0x000000008c500000, 0x000000008c500000, 0x000000008c600000|  0%| F|  |TAMS 0x000000008c500000, 0x000000008c500000| Untracked 
| 198|0x000000008c600000, 0x000000008c600000, 0x000000008c700000|  0%| F|  |TAMS 0x000000008c600000, 0x000000008c600000| Untracked 
| 199|0x000000008c700000, 0x000000008c700000, 0x000000008c800000|  0%| F|  |TAMS 0x000000008c700000, 0x000000008c700000| Untracked 
| 200|0x000000008c800000, 0x000000008c800000, 0x000000008c900000|  0%| F|  |TAMS 0x000000008c800000, 0x000000008c800000| Untracked 
| 201|0x000000008c900000, 0x000000008c900000, 0x000000008ca00000|  0%| F|  |TAMS 0x000000008c900000, 0x000000008c900000| Untracked 
| 202|0x000000008ca00000, 0x000000008ca00000, 0x000000008cb00000|  0%| F|  |TAMS 0x000000008ca00000, 0x000000008ca00000| Untracked 
| 203|0x000000008cb00000, 0x000000008cb00000, 0x000000008cc00000|  0%| F|  |TAMS 0x000000008cb00000, 0x000000008cb00000| Untracked 
| 204|0x000000008cc00000, 0x000000008cc00000, 0x000000008cd00000|  0%| F|  |TAMS 0x000000008cc00000, 0x000000008cc00000| Untracked 
| 205|0x000000008cd00000, 0x000000008cd00000, 0x000000008ce00000|  0%| F|  |TAMS 0x000000008cd00000, 0x000000008cd00000| Untracked 
| 206|0x000000008ce00000, 0x000000008ce00000, 0x000000008cf00000|  0%| F|  |TAMS 0x000000008ce00000, 0x000000008ce00000| Untracked 
| 207|0x000000008cf00000, 0x000000008cf00000, 0x000000008d000000|  0%| F|  |TAMS 0x000000008cf00000, 0x000000008cf00000| Untracked 
| 208|0x000000008d000000, 0x000000008d000000, 0x000000008d100000|  0%| F|  |TAMS 0x000000008d000000, 0x000000008d000000| Untracked 
| 209|0x000000008d100000, 0x000000008d100000, 0x000000008d200000|  0%| F|  |TAMS 0x000000008d100000, 0x000000008d100000| Untracked 
| 210|0x000000008d200000, 0x000000008d200000, 0x000000008d300000|  0%| F|  |TAMS 0x000000008d200000, 0x000000008d200000| Untracked 
| 211|0x000000008d300000, 0x000000008d300000, 0x000000008d400000|  0%| F|  |TAMS 0x000000008d300000, 0x000000008d300000| Untracked 
| 212|0x000000008d400000, 0x000000008d400000, 0x000000008d500000|  0%| F|  |TAMS 0x000000008d400000, 0x000000008d400000| Untracked 
| 213|0x000000008d500000, 0x000000008d500000, 0x000000008d600000|  0%| F|  |TAMS 0x000000008d500000, 0x000000008d500000| Untracked 
| 214|0x000000008d600000, 0x000000008d600000, 0x000000008d700000|  0%| F|  |TAMS 0x000000008d600000, 0x000000008d600000| Untracked 
| 215|0x000000008d700000, 0x000000008d700000, 0x000000008d800000|  0%| F|  |TAMS 0x000000008d700000, 0x000000008d700000| Untracked 
| 216|0x000000008d800000, 0x000000008d800000, 0x000000008d900000|  0%| F|  |TAMS 0x000000008d800000, 0x000000008d800000| Untracked 
| 217|0x000000008d900000, 0x000000008d900000, 0x000000008da00000|  0%| F|  |TAMS 0x000000008d900000, 0x000000008d900000| Untracked 
| 218|0x000000008da00000, 0x000000008da00000, 0x000000008db00000|  0%| F|  |TAMS 0x000000008da00000, 0x000000008da00000| Untracked 
| 219|0x000000008db00000, 0x000000008db00000, 0x000000008dc00000|  0%| F|  |TAMS 0x000000008db00000, 0x000000008db00000| Untracked 
| 220|0x000000008dc00000, 0x000000008dc00000, 0x000000008dd00000|  0%| F|  |TAMS 0x000000008dc00000, 0x000000008dc00000| Untracked 
| 221|0x000000008dd00000, 0x000000008dd00000, 0x000000008de00000|  0%| F|  |TAMS 0x000000008dd00000, 0x000000008dd00000| Untracked 
| 222|0x000000008de00000, 0x000000008de00000, 0x000000008df00000|  0%| F|  |TAMS 0x000000008de00000, 0x000000008de00000| Untracked 
| 223|0x000000008df00000, 0x000000008df00000, 0x000000008e000000|  0%| F|  |TAMS 0x000000008df00000, 0x000000008df00000| Untracked 
| 224|0x000000008e000000, 0x000000008e000000, 0x000000008e100000|  0%| F|  |TAMS 0x000000008e000000, 0x000000008e000000| Untracked 
| 225|0x000000008e100000, 0x000000008e100000, 0x000000008e200000|  0%| F|  |TAMS 0x000000008e100000, 0x000000008e100000| Untracked 
| 226|0x000000008e200000, 0x000000008e200000, 0x000000008e300000|  0%| F|  |TAMS 0x000000008e200000, 0x000000008e200000| Untracked 
| 227|0x000000008e300000, 0x000000008e3895c0, 0x000000008e400000| 53%| E|  |TAMS 0x000000008e300000, 0x000000008e300000| Complete 
| 228|0x000000008e400000, 0x000000008e500000, 0x000000008e500000|100%| E|CS|TAMS 0x000000008e400000, 0x000000008e400000| Complete 
| 229|0x000000008e500000, 0x000000008e600000, 0x000000008e600000|100%| E|CS|TAMS 0x000000008e500000, 0x000000008e500000| Complete 
| 230|0x000000008e600000, 0x000000008e700000, 0x000000008e700000|100%| E|CS|TAMS 0x000000008e600000, 0x000000008e600000| Complete 
| 231|0x000000008e700000, 0x000000008e800000, 0x000000008e800000|100%| E|CS|TAMS 0x000000008e700000, 0x000000008e700000| Complete 
| 232|0x000000008e800000, 0x000000008e900000, 0x000000008e900000|100%| E|CS|TAMS 0x000000008e800000, 0x000000008e800000| Complete 
| 233|0x000000008e900000, 0x000000008ea00000, 0x000000008ea00000|100%| E|CS|TAMS 0x000000008e900000, 0x000000008e900000| Complete 
| 234|0x000000008ea00000, 0x000000008eb00000, 0x000000008eb00000|100%| E|CS|TAMS 0x000000008ea00000, 0x000000008ea00000| Complete 
| 235|0x000000008eb00000, 0x000000008ec00000, 0x000000008ec00000|100%| E|CS|TAMS 0x000000008eb00000, 0x000000008eb00000| Complete 
| 236|0x000000008ec00000, 0x000000008ed00000, 0x000000008ed00000|100%| E|CS|TAMS 0x000000008ec00000, 0x000000008ec00000| Complete 
| 237|0x000000008ed00000, 0x000000008ee00000, 0x000000008ee00000|100%| E|CS|TAMS 0x000000008ed00000, 0x000000008ed00000| Complete 
| 238|0x000000008ee00000, 0x000000008ef00000, 0x000000008ef00000|100%| E|CS|TAMS 0x000000008ee00000, 0x000000008ee00000| Complete 
| 239|0x000000008ef00000, 0x000000008f000000, 0x000000008f000000|100%| E|CS|TAMS 0x000000008ef00000, 0x000000008ef00000| Complete 
| 240|0x000000008f000000, 0x000000008f100000, 0x000000008f100000|100%| E|CS|TAMS 0x000000008f000000, 0x000000008f000000| Complete 
| 241|0x000000008f100000, 0x000000008f200000, 0x000000008f200000|100%| E|CS|TAMS 0x000000008f100000, 0x000000008f100000| Complete 
| 242|0x000000008f200000, 0x000000008f300000, 0x000000008f300000|100%| E|CS|TAMS 0x000000008f200000, 0x000000008f200000| Complete 
| 243|0x000000008f300000, 0x000000008f400000, 0x000000008f400000|100%| E|CS|TAMS 0x000000008f300000, 0x000000008f300000| Complete 
| 244|0x000000008f400000, 0x000000008f500000, 0x000000008f500000|100%| E|CS|TAMS 0x000000008f400000, 0x000000008f400000| Complete 
| 245|0x000000008f500000, 0x000000008f600000, 0x000000008f600000|100%| E|CS|TAMS 0x000000008f500000, 0x000000008f500000| Complete 
| 246|0x000000008f600000, 0x000000008f700000, 0x000000008f700000|100%| E|CS|TAMS 0x000000008f600000, 0x000000008f600000| Complete 
| 247|0x000000008f700000, 0x000000008f800000, 0x000000008f800000|100%| E|CS|TAMS 0x000000008f700000, 0x000000008f700000| Complete 
| 248|0x000000008f800000, 0x000000008f900000, 0x000000008f900000|100%| E|CS|TAMS 0x000000008f800000, 0x000000008f800000| Complete 
| 249|0x000000008f900000, 0x000000008fa00000, 0x000000008fa00000|100%| E|CS|TAMS 0x000000008f900000, 0x000000008f900000| Complete 
| 250|0x000000008fa00000, 0x000000008fb00000, 0x000000008fb00000|100%| E|CS|TAMS 0x000000008fa00000, 0x000000008fa00000| Complete 
| 251|0x000000008fb00000, 0x000000008fc00000, 0x000000008fc00000|100%| S|CS|TAMS 0x000000008fb00000, 0x000000008fb00000| Complete 
| 252|0x000000008fc00000, 0x000000008fd00000, 0x000000008fd00000|100%| S|CS|TAMS 0x000000008fc00000, 0x000000008fc00000| Complete 
| 253|0x000000008fd00000, 0x000000008fe00000, 0x000000008fe00000|100%| E|CS|TAMS 0x000000008fd00000, 0x000000008fd00000| Complete 
| 254|0x000000008fe00000, 0x000000008ff00000, 0x000000008ff00000|100%| E|CS|TAMS 0x000000008fe00000, 0x000000008fe00000| Complete 
| 255|0x000000008ff00000, 0x0000000090000000, 0x0000000090000000|100%| E|CS|TAMS 0x000000008ff00000, 0x000000008ff00000| Complete 
| 256|0x0000000090000000, 0x0000000090100000, 0x0000000090100000|100%| E|CS|TAMS 0x0000000090000000, 0x0000000090000000| Complete 
| 257|0x0000000090100000, 0x0000000090200000, 0x0000000090200000|100%| E|CS|TAMS 0x0000000090100000, 0x0000000090100000| Complete 

Card table byte_map: [0x0000014928a40000,0x0000014928e40000] _byte_map_base: 0x0000014928640000

Marking Bits (Prev, Next): (CMBitMap*) 0x0000014913d284e8, (CMBitMap*) 0x0000014913d28520
 Prev Bits: [0x0000014929240000, 0x000001492b240000)
 Next Bits: [0x000001492b240000, 0x000001492d240000)

Polling page: 0x0000014913dc0000

Metaspace:

Usage:
  Non-class:    126.23 MB capacity,   123.52 MB ( 98%) used,     2.17 MB (  2%) free+waste,   548.56 KB ( <1%) overhead. 
      Class:     18.91 MB capacity,    17.31 MB ( 92%) used,     1.37 MB (  7%) free+waste,   239.38 KB (  1%) overhead. 
       Both:    145.14 MB capacity,   140.83 MB ( 97%) used,     3.54 MB (  2%) free+waste,   787.94 KB ( <1%) overhead. 

Virtual space:
  Non-class space:      128.00 MB reserved,     126.84 MB (>99%) committed 
      Class space:        1.00 GB reserved,      19.24 MB (  2%) committed 
             Both:        1.13 GB reserved,     146.08 MB ( 13%) committed 

Chunk freelists:
   Non-Class:  494.00 KB
       Class:  238.00 KB
        Both:  732.00 KB

MaxMetaspaceSize: 17179869184.00 GB
CompressedClassSpaceSize: 1.00 GB
Initial GC threshold: 20.80 MB
Current GC threshold: 243.05 MB
CDS: off

CodeHeap 'non-profiled nmethods': size=120064Kb used=19601Kb max_used=19601Kb free=100462Kb
 bounds [0x0000014920ae0000, 0x0000014921e10000, 0x0000014928020000]
CodeHeap 'profiled nmethods': size=120000Kb used=58380Kb max_used=59211Kb free=61619Kb
 bounds [0x00000149195b0000, 0x000001491cf90000, 0x0000014920ae0000]
CodeHeap 'non-nmethods': size=5696Kb used=2507Kb max_used=2597Kb free=3188Kb
 bounds [0x0000014919020000, 0x00000149192c0000, 0x00000149195b0000]
 total_blobs=27006 nmethods=25961 adapters=955
 compilation: enabled
              stopped_count=0, restarted_count=0
 full_count=0

Compilation events (20 events):
Event: 2182.245 Thread 0x000001493012a800 nmethod 29237 0x000001491b954290 code [0x000001491b9545e0, 0x000001491b955ac8]
Event: 2182.245 Thread 0x000001493012a800 29243   !   3       com.android.zipflinger.StreamSource::<init> (259 bytes)
Event: 2182.246 Thread 0x00000149324cd000 29232       4       org.objectweb.asm.SymbolTable::addConstantMemberReference (147 bytes)
Event: 2182.246 Thread 0x000001493012a800 nmethod 29243 0x000001491b3d9f10 code [0x000001491b3da2e0, 0x000001491b3dbf98]
Event: 2182.246 Thread 0x000001493012a800 29238       3       com.android.zipflinger.Source::<init> (39 bytes)
Event: 2182.247 Thread 0x000001493012a800 nmethod 29238 0x000001491b990410 code [0x000001491b990600, 0x000001491b990988]
Event: 2182.247 Thread 0x000001493012a800 29239       3       com.android.zipflinger.FreeStore$Zone::shrinkBy (97 bytes)
Event: 2182.247 Thread 0x000001493012a800 nmethod 29239 0x000001491ad99690 code [0x000001491ad99880, 0x000001491ad99d78]
Event: 2182.247 Thread 0x000001493012a800 29241       3       com.android.zipflinger.ZipArchive::add (37 bytes)
Event: 2182.247 Thread 0x000001493012a800 nmethod 29241 0x000001491bb2f310 code [0x000001491bb2f5a0, 0x000001491bb30118]
Event: 2182.247 Thread 0x000001493012a800 29242       3       com.android.zipflinger.ZipArchive::writeSource (177 bytes)
Event: 2182.248 Thread 0x000001493012a800 nmethod 29242 0x000001491bab0610 code [0x000001491bab0940, 0x000001491bab1ad8]
Event: 2182.248 Thread 0x000001493012a800 29244       3       com.android.zipflinger.ZipArchive::validateName (110 bytes)
Event: 2182.249 Thread 0x000001493012a800 nmethod 29244 0x0000014919bdfa90 code [0x0000014919bdfe80, 0x0000014919be1b28]
Event: 2182.249 Thread 0x000001493012a800 29245       3       com.android.zipflinger.LocalFileHeader::<init> (81 bytes)
Event: 2182.249 Thread 0x000001493012a800 nmethod 29245 0x000001491b864990 code [0x000001491b864b60, 0x000001491b8650d8]
Event: 2182.249 Thread 0x000001493012a800 29247       3       org.objectweb.asm.commons.LocalVariablesSorter::<init> (97 bytes)
Event: 2182.249 Thread 0x000001493012a800 nmethod 29247 0x000001491bae3d90 code [0x000001491bae3f80, 0x000001491bae4488]
Event: 2182.249 Thread 0x000001493012a800 29246       3       org.objectweb.asm.commons.GeneratorAdapter::<init> (50 bytes)
Event: 2182.250 Thread 0x000001493012a800 nmethod 29246 0x000001491bdf3690 code [0x000001491bdf38c0, 0x000001491bdf3ff8]

GC Heap History (20 events):
Event: 1516.948 GC heap before
{Heap before GC invocations=79 (full 0):
 garbage-first heap   total 264192K, used 140144K [0x0000000080000000, 0x0000000100000000)
  region size 1024K, 12 young (12288K), 7 survivors (7168K)
 Metaspace       used 144315K, capacity 149033K, committed 149328K, reserved 1179648K
  class space    used 17843K, capacity 19601K, committed 19700K, reserved 1048576K
}
Event: 1516.961 GC heap after
{Heap after GC invocations=80 (full 0):
 garbage-first heap   total 264192K, used 124797K [0x0000000080000000, 0x0000000100000000)
  region size 1024K, 2 young (2048K), 2 survivors (2048K)
 Metaspace       used 144315K, capacity 149033K, committed 149328K, reserved 1179648K
  class space    used 17843K, capacity 19601K, committed 19700K, reserved 1048576K
}
Event: 1517.421 GC heap before
{Heap before GC invocations=80 (full 0):
 garbage-first heap   total 264192K, used 156541K [0x0000000080000000, 0x0000000100000000)
  region size 1024K, 35 young (35840K), 2 survivors (2048K)
 Metaspace       used 144317K, capacity 149033K, committed 149328K, reserved 1179648K
  class space    used 17843K, capacity 19601K, committed 19700K, reserved 1048576K
}
Event: 1517.435 GC heap after
{Heap after GC invocations=81 (full 0):
 garbage-first heap   total 264192K, used 142008K [0x0000000080000000, 0x0000000100000000)
  region size 1024K, 8 young (8192K), 8 survivors (8192K)
 Metaspace       used 144317K, capacity 149033K, committed 149328K, reserved 1179648K
  class space    used 17843K, capacity 19601K, committed 19700K, reserved 1048576K
}
Event: 1519.844 GC heap before
{Heap before GC invocations=82 (full 0):
 garbage-first heap   total 264192K, used 207544K [0x0000000080000000, 0x0000000100000000)
  region size 1024K, 56 young (57344K), 8 survivors (8192K)
 Metaspace       used 144375K, capacity 149036K, committed 149328K, reserved 1179648K
  class space    used 17843K, capacity 19601K, committed 19700K, reserved 1048576K
}
Event: 1519.857 GC heap after
{Heap after GC invocations=83 (full 0):
 garbage-first heap   total 264192K, used 149504K [0x0000000080000000, 0x0000000100000000)
  region size 1024K, 7 young (7168K), 7 survivors (7168K)
 Metaspace       used 144375K, capacity 149036K, committed 149328K, reserved 1179648K
  class space    used 17843K, capacity 19601K, committed 19700K, reserved 1048576K
}
Event: 1519.863 GC heap before
{Heap before GC invocations=83 (full 0):
 garbage-first heap   total 264192K, used 153600K [0x0000000080000000, 0x0000000100000000)
  region size 1024K, 12 young (12288K), 7 survivors (7168K)
 Metaspace       used 144375K, capacity 149036K, committed 149328K, reserved 1179648K
  class space    used 17843K, capacity 19601K, committed 19700K, reserved 1048576K
}
Event: 1519.872 GC heap after
{Heap after GC invocations=84 (full 0):
 garbage-first heap   total 264192K, used 138650K [0x0000000080000000, 0x0000000100000000)
  region size 1024K, 1 young (1024K), 1 survivors (1024K)
 Metaspace       used 144375K, capacity 149036K, committed 149328K, reserved 1179648K
  class space    used 17843K, capacity 19601K, committed 19700K, reserved 1048576K
}
Event: 1520.136 GC heap before
{Heap before GC invocations=84 (full 0):
 garbage-first heap   total 264192K, used 167322K [0x0000000080000000, 0x0000000100000000)
  region size 1024K, 31 young (31744K), 1 survivors (1024K)
 Metaspace       used 144396K, capacity 149115K, committed 149328K, reserved 1179648K
  class space    used 17843K, capacity 19601K, committed 19700K, reserved 1048576K
}
Event: 1520.141 GC heap after
{Heap after GC invocations=85 (full 0):
 garbage-first heap   total 264192K, used 139143K [0x0000000080000000, 0x0000000100000000)
  region size 1024K, 2 young (2048K), 2 survivors (2048K)
 Metaspace       used 144396K, capacity 149115K, committed 149328K, reserved 1179648K
  class space    used 17843K, capacity 19601K, committed 19700K, reserved 1048576K
}
Event: 2179.827 GC heap before
{Heap before GC invocations=86 (full 0):
 garbage-first heap   total 264192K, used 206317K [0x0000000080000000, 0x0000000100000000)
  region size 1024K, 58 young (59392K), 2 survivors (2048K)
 Metaspace       used 144472K, capacity 149180K, committed 149328K, reserved 1179648K
  class space    used 17844K, capacity 19601K, committed 19700K, reserved 1048576K
}
Event: 2179.835 GC heap after
{Heap after GC invocations=87 (full 0):
 garbage-first heap   total 264192K, used 128709K [0x0000000080000000, 0x0000000100000000)
  region size 1024K, 6 young (6144K), 6 survivors (6144K)
 Metaspace       used 144472K, capacity 149180K, committed 149328K, reserved 1179648K
  class space    used 17844K, capacity 19601K, committed 19700K, reserved 1048576K
}
Event: 2179.928 GC heap before
{Heap before GC invocations=87 (full 0):
 garbage-first heap   total 264192K, used 134853K [0x0000000080000000, 0x0000000100000000)
  region size 1024K, 12 young (12288K), 6 survivors (6144K)
 Metaspace       used 144497K, capacity 149181K, committed 149328K, reserved 1179648K
  class space    used 17844K, capacity 19601K, committed 19700K, reserved 1048576K
}
Event: 2179.934 GC heap after
{Heap after GC invocations=88 (full 0):
 garbage-first heap   total 264192K, used 120093K [0x0000000080000000, 0x0000000100000000)
  region size 1024K, 2 young (2048K), 2 survivors (2048K)
 Metaspace       used 144497K, capacity 149181K, committed 149328K, reserved 1179648K
  class space    used 17844K, capacity 19601K, committed 19700K, reserved 1048576K
}
Event: 2179.981 GC heap before
{Heap before GC invocations=88 (full 0):
 garbage-first heap   total 264192K, used 129309K [0x0000000080000000, 0x0000000100000000)
  region size 1024K, 13 young (13312K), 2 survivors (2048K)
 Metaspace       used 144509K, capacity 149181K, committed 149328K, reserved 1179648K
  class space    used 17844K, capacity 19601K, committed 19700K, reserved 1048576K
}
Event: 2179.988 GC heap after
{Heap after GC invocations=89 (full 0):
 garbage-first heap   total 264192K, used 120669K [0x0000000080000000, 0x0000000100000000)
  region size 1024K, 2 young (2048K), 2 survivors (2048K)
 Metaspace       used 144509K, capacity 149181K, committed 149328K, reserved 1179648K
  class space    used 17844K, capacity 19601K, committed 19700K, reserved 1048576K
}
Event: 2182.194 GC heap before
{Heap before GC invocations=90 (full 0):
 garbage-first heap   total 264192K, used 214877K [0x0000000080000000, 0x0000000100000000)
  region size 1024K, 76 young (77824K), 2 survivors (2048K)
 Metaspace       used 144197K, capacity 148625K, committed 149584K, reserved 1179648K
  class space    used 17721K, capacity 19363K, committed 19700K, reserved 1048576K
}
Event: 2182.202 GC heap after
{Heap after GC invocations=91 (full 0):
 garbage-first heap   total 264192K, used 125526K [0x0000000080000000, 0x0000000100000000)
  region size 1024K, 7 young (7168K), 7 survivors (7168K)
 Metaspace       used 144197K, capacity 148625K, committed 149584K, reserved 1179648K
  class space    used 17721K, capacity 19363K, committed 19700K, reserved 1048576K
}
Event: 2182.209 GC heap before
{Heap before GC invocations=91 (full 0):
 garbage-first heap   total 264192K, used 130646K [0x0000000080000000, 0x0000000100000000)
  region size 1024K, 12 young (12288K), 7 survivors (7168K)
 Metaspace       used 144197K, capacity 148625K, committed 149584K, reserved 1179648K
  class space    used 17721K, capacity 19363K, committed 19700K, reserved 1048576K
}
Event: 2182.224 GC heap after
{Heap after GC invocations=92 (full 0):
 garbage-first heap   total 264192K, used 108465K [0x0000000080000000, 0x0000000100000000)
  region size 1024K, 2 young (2048K), 2 survivors (2048K)
 Metaspace       used 144197K, capacity 148625K, committed 149584K, reserved 1179648K
  class space    used 17721K, capacity 19363K, committed 19700K, reserved 1048576K
}

Deoptimization events (20 events):
Event: 2179.950 Thread 0x000001493527b000 DEOPT PACKING pc=0x00000149210f61c4 sp=0x000000167c4fb090
Event: 2179.950 Thread 0x000001493527b000 DEOPT UNPACKING pc=0x000001491906a1af sp=0x000000167c4fafd8 mode 2
Event: 2179.950 Thread 0x000001493527b000 Uncommon trap: trap_request=0xffffffbe fr.pc=0x00000149210f61c4 relative=0x00000000000007e4
Event: 2179.950 Thread 0x000001493527b000 Uncommon trap: reason=profile_predicate action=maybe_recompile pc=0x00000149210f61c4 method=org.gradle.api.internal.artifacts.ivyservice.ivyresolve.strategy.StaticVersionComparator.compare(Lorg/gradle/api/internal/artifacts/ivyservice/ivyresolve/strategy/
Event: 2179.950 Thread 0x000001493527b000 DEOPT PACKING pc=0x00000149210f61c4 sp=0x000000167c4fb090
Event: 2179.950 Thread 0x000001493527b000 DEOPT UNPACKING pc=0x000001491906a1af sp=0x000000167c4fafd8 mode 2
Event: 2180.050 Thread 0x000001493149e800 DEOPT PACKING pc=0x000001491c90730a sp=0x000000167c5fab70
Event: 2180.050 Thread 0x000001493149e800 DEOPT UNPACKING pc=0x000001491906a95e sp=0x000000167c5fa018 mode 0
Event: 2180.062 Thread 0x000001493149e800 DEOPT PACKING pc=0x000001491cc2067b sp=0x000000167c5faee0
Event: 2180.062 Thread 0x000001493149e800 DEOPT UNPACKING pc=0x000001491906a95e sp=0x000000167c5fa468 mode 0
Event: 2180.077 Thread 0x000001493149e800 DEOPT PACKING pc=0x000001491aaf536e sp=0x000000167c5fac70
Event: 2180.077 Thread 0x000001493149e800 DEOPT UNPACKING pc=0x000001491906a95e sp=0x000000167c5fa1e8 mode 0
Event: 2180.083 Thread 0x000001493149e800 Uncommon trap: trap_request=0xffffff7e fr.pc=0x0000014921ce7cb0 relative=0x0000000000001cf0
Event: 2180.084 Thread 0x000001493149e800 Uncommon trap: reason=predicate action=maybe_recompile pc=0x0000014921ce7cb0 method=com.android.ide.common.resources.DataSet.processNewDataFile(Ljava/io/File;Lcom/android/ide/common/resources/DataFile;Z)V @ 28 c2
Event: 2180.084 Thread 0x000001493149e800 DEOPT PACKING pc=0x0000014921ce7cb0 sp=0x000000167c5fae40
Event: 2180.084 Thread 0x000001493149e800 DEOPT UNPACKING pc=0x000001491906a1af sp=0x000000167c5fae48 mode 2
Event: 2180.295 Thread 0x00000149314a3000 DEOPT PACKING pc=0x000001491c958c40 sp=0x000000167c8fd680
Event: 2180.295 Thread 0x00000149314a3000 DEOPT UNPACKING pc=0x000001491906a95e sp=0x000000167c8fcb88 mode 0
Event: 2182.228 Thread 0x00000149314a3000 DEOPT PACKING pc=0x000001491c9ded1b sp=0x000000167c8fd910
Event: 2182.228 Thread 0x00000149314a3000 DEOPT UNPACKING pc=0x000001491906a95e sp=0x000000167c8fcf20 mode 0

Classes redefined (0 events):
No events

Internal exceptions (20 events):
Event: 1516.397 Thread 0x0000014935275000 Exception <a 'sun/nio/fs/WindowsException'{0x000000008e45e890}> (0x000000008e45e890) thrown at [./src/hotspot/share/prims/jni.cpp, line 615]
Event: 1516.580 Thread 0x0000014935275000 Exception <a 'sun/nio/fs/WindowsException'{0x000000008d8c5860}> (0x000000008d8c5860) thrown at [./src/hotspot/share/prims/jni.cpp, line 615]
Event: 1516.590 Thread 0x0000014935275000 Exception <a 'sun/nio/fs/WindowsException'{0x000000008d761d58}> (0x000000008d761d58) thrown at [./src/hotspot/share/prims/jni.cpp, line 615]
Event: 1516.590 Thread 0x0000014935275000 Exception <a 'sun/nio/fs/WindowsException'{0x000000008d762fc0}> (0x000000008d762fc0) thrown at [./src/hotspot/share/prims/jni.cpp, line 615]
Event: 1516.590 Thread 0x0000014935275000 Exception <a 'sun/nio/fs/WindowsException'{0x000000008d764278}> (0x000000008d764278) thrown at [./src/hotspot/share/prims/jni.cpp, line 615]
Event: 1516.590 Thread 0x0000014935275000 Exception <a 'sun/nio/fs/WindowsException'{0x000000008d765530}> (0x000000008d765530) thrown at [./src/hotspot/share/prims/jni.cpp, line 615]
Event: 1519.843 Thread 0x00000149314a3000 Exception <a 'sun/nio/fs/WindowsException'{0x000000008ca94888}> (0x000000008ca94888) thrown at [./src/hotspot/share/prims/jni.cpp, line 615]
Event: 1519.843 Thread 0x00000149314a3000 Exception <a 'sun/nio/fs/WindowsException'{0x000000008ca94970}> (0x000000008ca94970) thrown at [./src/hotspot/share/prims/jni.cpp, line 615]
Event: 1520.243 Thread 0x0000014935275000 Exception <a 'sun/nio/fs/WindowsException'{0x00000000901c4858}> (0x00000000901c4858) thrown at [./src/hotspot/share/prims/jni.cpp, line 615]
Event: 1520.243 Thread 0x0000014935275000 Exception <a 'sun/nio/fs/WindowsException'{0x00000000901c49b8}> (0x00000000901c49b8) thrown at [./src/hotspot/share/prims/jni.cpp, line 615]
Event: 1520.243 Thread 0x0000014935275000 Exception <a 'sun/nio/fs/WindowsException'{0x00000000901c6330}> (0x00000000901c6330) thrown at [./src/hotspot/share/prims/jni.cpp, line 615]
Event: 2179.717 Thread 0x0000014935c10800 Exception <a 'sun/nio/fs/WindowsException'{0x000000008d5f2a00}> (0x000000008d5f2a00) thrown at [./src/hotspot/share/prims/jni.cpp, line 615]
Event: 2179.824 Thread 0x0000014935c10800 Exception <a 'sun/nio/fs/WindowsException'{0x000000008c893ff0}> (0x000000008c893ff0) thrown at [./src/hotspot/share/prims/jni.cpp, line 615]
Event: 2179.838 Thread 0x0000014935c10800 Exception <a 'sun/nio/fs/WindowsException'{0x0000000090132288}> (0x0000000090132288) thrown at [./src/hotspot/share/prims/jni.cpp, line 615]
Event: 2179.839 Thread 0x0000014935c10800 Exception <a 'sun/nio/fs/WindowsException'{0x00000000901334f0}> (0x00000000901334f0) thrown at [./src/hotspot/share/prims/jni.cpp, line 615]
Event: 2179.839 Thread 0x0000014935c10800 Exception <a 'sun/nio/fs/WindowsException'{0x0000000090134a08}> (0x0000000090134a08) thrown at [./src/hotspot/share/prims/jni.cpp, line 615]
Event: 2179.839 Thread 0x0000014935c10800 Exception <a 'sun/nio/fs/WindowsException'{0x0000000090135cc0}> (0x0000000090135cc0) thrown at [./src/hotspot/share/prims/jni.cpp, line 615]
Event: 2180.395 Thread 0x0000014935c10800 Exception <a 'sun/nio/fs/WindowsException'{0x000000008d974038}> (0x000000008d974038) thrown at [./src/hotspot/share/prims/jni.cpp, line 615]
Event: 2182.234 Thread 0x00000149314a3000 Exception <a 'sun/nio/fs/WindowsException'{0x000000008fdf4370}> (0x000000008fdf4370) thrown at [./src/hotspot/share/prims/jni.cpp, line 615]
Event: 2182.234 Thread 0x00000149314a3000 Exception <a 'sun/nio/fs/WindowsException'{0x000000008fdf4458}> (0x000000008fdf4458) thrown at [./src/hotspot/share/prims/jni.cpp, line 615]

Events (20 events):
Event: 2180.465 Executing VM operation: RevokeBias
Event: 2180.465 Executing VM operation: RevokeBias done
Event: 2180.465 Executing VM operation: RevokeBias
Event: 2180.465 Executing VM operation: RevokeBias done
Event: 2180.504 Executing VM operation: BulkRevokeBias
Event: 2180.505 Executing VM operation: BulkRevokeBias done
Event: 2180.505 Executing VM operation: RevokeBias
Event: 2180.505 Executing VM operation: RevokeBias done
Event: 2180.513 Thread 0x00000149314a0800 Thread added: 0x00000149314a0800
Event: 2180.543 Executing VM operation: RevokeBias
Event: 2180.543 Executing VM operation: RevokeBias done
Event: 2180.545 Thread 0x000001493149d000 Thread added: 0x000001493149d000
Event: 2180.549 Thread 0x00000149324c6800 Thread added: 0x00000149324c6800
Event: 2180.549 Thread 0x00000149324ca000 Thread added: 0x00000149324ca000
Event: 2182.193 Executing VM operation: G1CollectForAllocation
Event: 2182.202 Executing VM operation: G1CollectForAllocation done
Event: 2182.206 Thread 0x0000014935c18800 Thread exited: 0x0000014935c18800
Event: 2182.209 Executing VM operation: G1CollectForAllocation
Event: 2182.224 Executing VM operation: G1CollectForAllocation done
Event: 2182.245 Thread 0x00000149324cd000 Thread added: 0x00000149324cd000


Dynamic libraries:
0x00007ff63b0c0000 - 0x00007ff63b0ca000 	C:\Program Files\Android\Android Studio\jre\bin\java.exe
0x00007ffb41850000 - 0x00007ffb41a64000 	C:\WINDOWS\SYSTEM32\ntdll.dll
0x00007ffb41200000 - 0x00007ffb412c2000 	C:\WINDOWS\System32\KERNEL32.DLL
0x00007ffb3ef10000 - 0x00007ffb3f2ad000 	C:\WINDOWS\System32\KERNELBASE.dll
0x00007ffb3f350000 - 0x00007ffb3f461000 	C:\WINDOWS\System32\ucrtbase.dll
0x00007ffb295c0000 - 0x00007ffb295d7000 	C:\Program Files\Android\Android Studio\jre\bin\VCRUNTIME140.dll
0x00007ffb295a0000 - 0x00007ffb295b9000 	C:\Program Files\Android\Android Studio\jre\bin\jli.dll
0x00007ffb3f680000 - 0x00007ffb3f82a000 	C:\WINDOWS\System32\USER32.dll
0x00007ffb3f320000 - 0x00007ffb3f346000 	C:\WINDOWS\System32\win32u.dll
0x00007ffb3de40000 - 0x00007ffb3e0ce000 	C:\WINDOWS\WinSxS\amd64_microsoft.windows.common-controls_6595b64144ccf1df_6.0.22621.608_none_a9444ca7c10bb01d\COMCTL32.dll
0x00007ffb3f650000 - 0x00007ffb3f679000 	C:\WINDOWS\System32\GDI32.dll
0x00007ffb41460000 - 0x00007ffb41507000 	C:\WINDOWS\System32\msvcrt.dll
0x00007ffb3f530000 - 0x00007ffb3f642000 	C:\WINDOWS\System32\gdi32full.dll
0x00007ffb3edf0000 - 0x00007ffb3ee8a000 	C:\WINDOWS\System32\msvcp_win.dll
0x00007ffb417d0000 - 0x00007ffb41802000 	C:\WINDOWS\System32\IMM32.DLL
0x00007ffb29500000 - 0x00007ffb2959d000 	C:\Program Files\Android\Android Studio\jre\bin\msvcp140.dll
0x00007ffb01890000 - 0x00007ffb02375000 	C:\Program Files\Android\Android Studio\jre\bin\server\jvm.dll
0x00007ffb412d0000 - 0x00007ffb4137e000 	C:\WINDOWS\System32\ADVAPI32.dll
0x00007ffb416a0000 - 0x00007ffb41744000 	C:\WINDOWS\System32\sechost.dll
0x00007ffb3fa20000 - 0x00007ffb3fb35000 	C:\WINDOWS\System32\RPCRT4.dll
0x00007ffb415c0000 - 0x00007ffb415c8000 	C:\WINDOWS\System32\PSAPI.DLL
0x00007ffb042b0000 - 0x00007ffb042b9000 	C:\WINDOWS\SYSTEM32\WSOCK32.dll
0x00007ffb41540000 - 0x00007ffb415b1000 	C:\WINDOWS\System32\WS2_32.dll
0x00007ffb359a0000 - 0x00007ffb359d4000 	C:\WINDOWS\SYSTEM32\WINMM.dll
0x00007ffb382b0000 - 0x00007ffb382ba000 	C:\WINDOWS\SYSTEM32\VERSION.dll
0x00007ffb3d490000 - 0x00007ffb3d4a8000 	C:\WINDOWS\SYSTEM32\kernel.appcore.dll
0x00007ffb04290000 - 0x00007ffb042a1000 	C:\Program Files\Android\Android Studio\jre\bin\verify.dll
0x00007ffb3e5f0000 - 0x00007ffb3e81e000 	C:\WINDOWS\SYSTEM32\DBGHELP.DLL
0x00007ffb3ffe0000 - 0x00007ffb4036a000 	C:\WINDOWS\System32\combase.dll
0x00007ffb41380000 - 0x00007ffb41457000 	C:\WINDOWS\System32\OLEAUT32.dll
0x00007ffb3e2d0000 - 0x00007ffb3e302000 	C:\WINDOWS\SYSTEM32\dbgcore.DLL
0x00007ffb3ee90000 - 0x00007ffb3ef0b000 	C:\WINDOWS\System32\bcryptPrimitives.dll
0x00007ffb04260000 - 0x00007ffb04289000 	C:\Program Files\Android\Android Studio\jre\bin\java.dll
0x00007ffb04250000 - 0x00007ffb0425b000 	C:\Program Files\Android\Android Studio\jre\bin\jimage.dll
0x00007ffb04230000 - 0x00007ffb04248000 	C:\Program Files\Android\Android Studio\jre\bin\zip.dll
0x00007ffb40a20000 - 0x00007ffb41200000 	C:\WINDOWS\System32\SHELL32.dll
0x00007ffb3c2a0000 - 0x00007ffb3cb65000 	C:\WINDOWS\SYSTEM32\windows.storage.dll
0x00007ffb3c150000 - 0x00007ffb3c28e000 	C:\WINDOWS\SYSTEM32\wintypes.dll
0x00007ffb404a0000 - 0x00007ffb40591000 	C:\WINDOWS\System32\SHCORE.dll
0x00007ffb40440000 - 0x00007ffb4049e000 	C:\WINDOWS\System32\shlwapi.dll
0x00007ffb3ebb0000 - 0x00007ffb3ebd1000 	C:\WINDOWS\SYSTEM32\profapi.dll
0x00007ffb04210000 - 0x00007ffb0422a000 	C:\Program Files\Android\Android Studio\jre\bin\net.dll
0x00007ffb37f80000 - 0x00007ffb380af000 	C:\WINDOWS\SYSTEM32\WINHTTP.dll
0x00007ffb3da00000 - 0x00007ffb3da69000 	C:\WINDOWS\system32\mswsock.dll
0x00007ffb01870000 - 0x00007ffb01884000 	C:\Program Files\Android\Android Studio\jre\bin\nio.dll
0x00007ffb296c0000 - 0x00007ffb296e7000 	C:\Users\vicky\.gradle\native\e1d6ef7f7dcc3fd88c89a11ec53ec762bb8ba0a96d01ffa2cd45eb1d1d8dd5c5\windows-amd64\native-platform.dll
0x00007fface3e0000 - 0x00007fface524000 	C:\Users\vicky\.gradle\native\5664cfc778a61ccfe75a443a1ab52a65af34e5dc3c78e0209fed803814484fcb\windows-amd64\native-platform-file-events.dll
0x00007ffb01860000 - 0x00007ffb0186a000 	C:\Program Files\Android\Android Studio\jre\bin\management.dll
0x00007ffb01850000 - 0x00007ffb0185d000 	C:\Program Files\Android\Android Studio\jre\bin\management_ext.dll
0x00007ffb3e910000 - 0x00007ffb3e92b000 	C:\WINDOWS\SYSTEM32\CRYPTSP.dll
0x00007ffb3d400000 - 0x00007ffb3d435000 	C:\WINDOWS\system32\rsaenh.dll
0x00007ffb3dd70000 - 0x00007ffb3dd98000 	C:\WINDOWS\SYSTEM32\USERENV.dll
0x00007ffb3e570000 - 0x00007ffb3e598000 	C:\WINDOWS\SYSTEM32\bcrypt.dll
0x00007ffb3dda0000 - 0x00007ffb3ddac000 	C:\WINDOWS\SYSTEM32\CRYPTBASE.dll
0x00007ffb3cfc0000 - 0x00007ffb3cfed000 	C:\WINDOWS\SYSTEM32\IPHLPAPI.DLL
0x00007ffb40430000 - 0x00007ffb40439000 	C:\WINDOWS\System32\NSI.dll
0x00007ffb382c0000 - 0x00007ffb382d9000 	C:\WINDOWS\SYSTEM32\dhcpcsvc6.DLL
0x00007ffb377e0000 - 0x00007ffb377ff000 	C:\WINDOWS\SYSTEM32\dhcpcsvc.DLL
0x00007ffb3d040000 - 0x00007ffb3d132000 	C:\WINDOWS\SYSTEM32\DNSAPI.dll
0x00007ffb3e530000 - 0x00007ffb3e564000 	C:\WINDOWS\SYSTEM32\ntmarta.dll
0x00007ffb294a0000 - 0x00007ffb294be000 	C:\Users\vicky\AppData\Local\Temp\native-platform11456322674838830393dir\native-platform.dll
0x00007ffb296b0000 - 0x00007ffb296b8000 	C:\Program Files\Android\Android Studio\jre\bin\rmi.dll
0x00007ffaf2ae0000 - 0x00007ffaf2b07000 	C:\Program Files\Android\Android Studio\jre\bin\sunec.dll

dbghelp: loaded successfully - version: 4.0.5 - missing functions: none
symbol engine: initialized successfully - sym options: 0x614 - pdb path: .;C:\Program Files\Android\Android Studio\jre\bin;C:\WINDOWS\SYSTEM32;C:\WINDOWS\WinSxS\amd64_microsoft.windows.common-controls_6595b64144ccf1df_6.0.22621.608_none_a9444ca7c10bb01d;C:\Program Files\Android\Android Studio\jre\bin\server;C:\Users\vicky\.gradle\native\e1d6ef7f7dcc3fd88c89a11ec53ec762bb8ba0a96d01ffa2cd45eb1d1d8dd5c5\windows-amd64;C:\Users\vicky\.gradle\native\5664cfc778a61ccfe75a443a1ab52a65af34e5dc3c78e0209fed803814484fcb\windows-amd64;C:\Users\vicky\AppData\Local\Temp\native-platform11456322674838830393dir

VM Arguments:
jvm_args: --add-opens=java.base/java.util=ALL-UNNAMED --add-opens=java.base/java.lang=ALL-UNNAMED --add-opens=java.base/java.lang.invoke=ALL-UNNAMED --add-opens=java.base/java.util=ALL-UNNAMED --add-opens=java.prefs/java.util.prefs=ALL-UNNAMED --add-opens=java.prefs/java.util.prefs=ALL-UNNAMED --add-opens=java.base/java.nio.charset=ALL-UNNAMED --add-opens=java.base/java.net=ALL-UNNAMED --add-opens=java.base/java.util.concurrent.atomic=ALL-UNNAMED -Xmx2048m -Dfile.encoding=UTF-8 -Duser.country=US -Duser.language=en -Duser.variant 
java_command: org.gradle.launcher.daemon.bootstrap.GradleDaemon 7.3.3
java_class_path (initial): C:\Users\vicky\.gradle\wrapper\dists\gradle-7.3.3-bin\6a41zxkdtcxs8rphpq6y0069z\gradle-7.3.3\lib\gradle-launcher-7.3.3.jar
Launcher Type: SUN_STANDARD

[Global flags]
     intx CICompilerCount                          = 3                                         {product} {ergonomic}
     uint ConcGCThreads                            = 1                                         {product} {ergonomic}
     uint G1ConcRefinementThreads                  = 4                                         {product} {ergonomic}
   size_t G1HeapRegionSize                         = 1048576                                   {product} {ergonomic}
    uintx GCDrainStackTargetSize                   = 64                                        {product} {ergonomic}
   size_t InitialHeapSize                          = 268435456                                 {product} {ergonomic}
   size_t MarkStackSize                            = 4194304                                   {product} {ergonomic}
   size_t MaxHeapSize                              = 2147483648                                {product} {command line}
   size_t MaxNewSize                               = 1287651328                                {product} {ergonomic}
   size_t MinHeapDeltaBytes                        = 1048576                                   {product} {ergonomic}
    uintx NonNMethodCodeHeapSize                   = 5830732                                {pd product} {ergonomic}
    uintx NonProfiledCodeHeapSize                  = 122913754                              {pd product} {ergonomic}
    uintx ProfiledCodeHeapSize                     = 122913754                              {pd product} {ergonomic}
    uintx ReservedCodeCacheSize                    = 251658240                              {pd product} {ergonomic}
     bool SegmentedCodeCache                       = true                                      {product} {ergonomic}
     bool UseCompressedClassPointers               = true                                 {lp64_product} {ergonomic}
     bool UseCompressedOops                        = true                                 {lp64_product} {ergonomic}
     bool UseG1GC                                  = true                                      {product} {ergonomic}
     bool UseLargePagesIndividualAllocation        = false                                  {pd product} {ergonomic}

Logging:
Log output configuration:
 #0: stdout all=warning uptime,level,tags
 #1: stderr all=off uptime,level,tags

Environment Variables:
PATH=C:\Program Files\Eclipse Adoptium\jdk-17.0.5.8-hotspot\bin;C:\WINDOWS\system32;C:\WINDOWS;C:\WINDOWS\System32\Wbem;C:\WINDOWS\System32\WindowsPowerShell\v1.0\;C:\WINDOWS\System32\OpenSSH\;C:\Program Files\Git\cmd;C:\Program Files (x86)\Intel\Intel(R) Management Engine Components\DAL;C:\Program Files\Intel\Intel(R) Management Engine Components\DAL;C:\Program Files (x86)\Intel\Intel(R) Management Engine Components\IPT;C:\Program Files\Intel\Intel(R) Management Engine Components\IPT;C:\Program Files (x86)\dotnet\;C:\Program Files\dotnet\;C:\Program Files (x86)\NVIDIA Corporation\PhysX\Common;C:\Users\vicky\AppData\Local\Microsoft\WindowsApps;
USERNAME=vicky
OS=Windows_NT
PROCESSOR_IDENTIFIER=Intel64 Family 6 Model 60 Stepping 3, GenuineIntel



---------------  S Y S T E M  ---------------

OS: Windows 10 , 64 bit Build 22621 (10.0.22621.755)
OS uptime: 0 days 2:22 hours

CPU:total 4 (initial active 4) (4 cores per cpu, 1 threads per core) family 6 model 60 stepping 3 microcode 0x28, cmov, cx8, fxsr, mmx, sse, sse2, sse3, ssse3, sse4.1, sse4.2, popcnt, avx, avx2, aes, clmul, erms, lzcnt, tsc, tscinvbit, bmi1, bmi2, fma

Memory: 4k page, system-wide physical 16320M (4556M free)
TotalPageFile size 21339M (AvailPageFile size 3439M)
current process WorkingSet (physical memory assigned to process): 608M, peak: 663M
current process commit charge ("private bytes"): 682M, peak: 691M

vm_info: OpenJDK 64-Bit Server VM (11.0.12+7-b1504.28-7817840) for windows-amd64 JRE (11.0.12+7-b1504.28-7817840), built on Oct 13 2021 22:12:33 by "builder" with MS VC++ 14.0 (VS2015)

END.
